TN:
SF:/Users/user/Desktop/COMP531/hw5/src/actions.js
FN:0,_defineProperty
FN:25,logOut
FN:31,go_To_Main
FN:37,go_To_Profile
FN:42,addUser
FN:48,sucess
FN:54,error
FN:64,resource
FN:76,(anonymous_9)
FNF:9
FNH:8
FNDA:1,_defineProperty
FNDA:1,logOut
FNDA:1,go_To_Main
FNDA:1,go_To_Profile
FNDA:0,addUser
FNDA:1,sucess
FNDA:1,error
FNDA:13,resource
FNDA:3,(anonymous_9)
DA:0,1
DA:1,1
DA:3,1
DA:22,1
DA:25,1
DA:26,1
DA:31,1
DA:32,1
DA:37,1
DA:38,1
DA:42,1
DA:43,0
DA:48,1
DA:49,1
DA:54,1
DA:55,1
DA:61,1
DA:64,1
DA:65,13
DA:73,13
DA:75,13
DA:77,3
DA:78,2
DA:81,1
DA:82,1
LF:25
LH:24
BRDA:0,1,0,1
BRDA:0,1,1,0
BRDA:73,2,0,4
BRDA:73,2,1,9
BRDA:77,3,0,2
BRDA:77,3,1,1
BRDA:78,4,0,2
BRDA:78,4,1,0
BRF:8
BRH:7
end_of_record
TN:
SF:/Users/user/Desktop/COMP531/hw5/src/actions.spec.js
FN:0,_interopRequireDefault
FN:5,(anonymous_2)
FN:7,(anonymous_3)
FN:20,(anonymous_4)
FN:27,(anonymous_5)
FN:34,(anonymous_6)
FN:40,(anonymous_7)
FN:46,(anonymous_8)
FN:53,(anonymous_9)
FN:62,(anonymous_10)
FN:68,(anonymous_11)
FN:75,(anonymous_12)
FN:82,(anonymous_13)
FNF:13
FNH:13
FNDA:2,_interopRequireDefault
FNDA:1,(anonymous_2)
FNDA:6,(anonymous_3)
FNDA:6,(anonymous_4)
FNDA:1,(anonymous_5)
FNDA:1,(anonymous_6)
FNDA:1,(anonymous_7)
FNDA:1,(anonymous_8)
FNDA:1,(anonymous_9)
FNDA:1,(anonymous_10)
FNDA:1,(anonymous_11)
FNDA:1,(anonymous_12)
FNDA:1,(anonymous_13)
DA:0,2
DA:1,1
DA:2,1
DA:3,1
DA:5,1
DA:6,1
DA:7,1
DA:8,6
DA:9,0
DA:10,0
DA:11,0
DA:13,6
DA:14,6
DA:15,6
DA:16,6
DA:17,6
DA:20,1
DA:21,6
DA:22,0
DA:23,0
DA:27,1
DA:28,1
DA:33,1
DA:35,1
DA:40,1
DA:41,1
DA:45,1
DA:47,1
DA:53,1
DA:54,1
DA:55,1
DA:56,1
DA:61,1
DA:63,1
DA:68,1
DA:69,1
DA:73,1
DA:75,1
DA:76,1
DA:80,1
DA:82,1
DA:83,1
DA:84,1
DA:85,1
LF:44
LH:39
BRDA:0,1,0,0
BRDA:0,1,1,2
BRDA:0,2,0,2
BRDA:0,2,1,2
BRDA:8,3,0,0
BRDA:8,3,1,6
BRDA:21,4,0,0
BRDA:21,4,1,6
BRF:8
BRH:6
end_of_record
TN:
SF:/Users/user/Desktop/COMP531/hw5/src/components/app.js
FN:0,_interopRequireDefault
FN:6,APP
FN:21,(anonymous_3)
FNF:3
FNH:1
FNDA:4,_interopRequireDefault
FNDA:0,APP
FNDA:0,(anonymous_3)
DA:0,4
DA:1,1
DA:2,1
DA:3,1
DA:4,1
DA:5,1
DA:6,1
DA:8,0
DA:10,0
DA:12,0
DA:13,0
DA:16,0
DA:19,1
DA:22,0
LF:14
LH:8
BRDA:0,1,0,3
BRDA:0,1,1,1
BRDA:0,2,0,4
BRDA:0,2,1,4
BRDA:8,3,0,0
BRDA:8,3,1,0
BRDA:12,4,0,0
BRDA:12,4,1,0
BRF:8
BRH:4
end_of_record
TN:
SF:/Users/user/Desktop/COMP531/hw5/src/components/auth/landing.js
FN:0,_interopRequireDefault
FN:6,Landing
FNF:2
FNH:1
FNDA:3,_interopRequireDefault
FNDA:0,Landing
DA:0,3
DA:1,1
DA:2,1
DA:3,1
DA:4,1
DA:5,1
DA:6,1
DA:8,0
DA:15,1
LF:9
LH:8
BRDA:0,1,0,2
BRDA:0,1,1,1
BRDA:0,2,0,3
BRDA:0,2,1,3
BRF:4
BRH:4
end_of_record
TN:
SF:/Users/user/Desktop/COMP531/hw5/src/components/auth/login.js
FN:0,_interopRequireDefault
FN:0,_objectWithoutProperties
FN:8,Login
FN:12,FieldGroup
FN:25,onLogin
FN:35,inputRef
FN:38,inputRef
FN:53,(anonymous_8)
FN:55,_Login
FNF:9
FNH:2
FNDA:1,_interopRequireDefault
FNDA:0,_objectWithoutProperties
FNDA:0,Login
FNDA:0,FieldGroup
FNDA:0,onLogin
FNDA:0,inputRef
FNDA:0,inputRef
FNDA:0,(anonymous_8)
FNDA:0,_Login
DA:0,1
DA:1,1
DA:2,1
DA:3,1
DA:4,1
DA:6,1
DA:8,1
DA:9,0
DA:10,0
DA:12,1
DA:15,0
DA:25,0
DA:26,0
DA:27,0
DA:35,0
DA:38,0
DA:48,1
DA:53,1
DA:54,0
DA:55,0
LF:20
LH:10
BRDA:0,1,0,0
BRDA:0,1,1,1
BRDA:0,2,0,1
BRDA:0,2,1,1
BRDA:0,3,0,0
BRDA:0,3,1,0
BRDA:0,4,0,0
BRDA:0,4,1,0
BRF:8
BRH:8
end_of_record
TN:
SF:/Users/user/Desktop/COMP531/hw5/src/components/auth/LandingAction.js
FN:0,_interopRequireDefault
FN:7,updateUser
FN:13,logout
FN:13,(anonymous_4)
FN:15,(anonymous_5)
FN:18,(anonymous_6)
FN:25,_Login
FN:25,(anonymous_8)
FN:30,(anonymous_9)
FN:36,(anonymous_10)
FN:41,validation
FN:41,(anonymous_12)
FN:43,(anonymous_13)
FN:75,(anonymous_14)
FN:78,(anonymous_15)
FNF:15
FNH:5
FNDA:1,_interopRequireDefault
FNDA:0,updateUser
FNDA:1,logout
FNDA:1,(anonymous_4)
FNDA:0,(anonymous_5)
FNDA:0,(anonymous_6)
FNDA:2,_Login
FNDA:2,(anonymous_8)
FNDA:0,(anonymous_9)
FNDA:0,(anonymous_10)
FNDA:0,validation
FNDA:0,(anonymous_12)
FNDA:0,(anonymous_13)
FNDA:0,(anonymous_14)
FNDA:0,(anonymous_15)
DA:0,1
DA:1,1
DA:2,1
DA:3,1
DA:4,1
DA:7,1
DA:8,0
DA:13,1
DA:14,1
DA:16,0
DA:19,0
DA:25,2
DA:26,2
DA:27,2
DA:28,2
DA:29,2
DA:31,0
DA:32,0
DA:33,0
DA:34,0
DA:35,0
DA:37,0
DA:41,1
DA:42,0
DA:43,0
DA:44,0
DA:45,0
DA:46,0
DA:50,0
DA:51,0
DA:54,0
DA:55,0
DA:56,0
DA:57,0
DA:58,0
DA:59,0
DA:60,0
DA:61,0
DA:62,0
DA:65,0
DA:66,0
DA:67,0
DA:72,0
DA:73,0
DA:74,0
DA:76,0
DA:79,0
LF:47
LH:14
BRDA:0,1,0,1
BRDA:0,1,1,0
BRDA:0,2,0,1
BRDA:0,2,1,1
BRDA:44,3,0,0
BRDA:44,3,1,0
BRDA:45,4,0,0
BRDA:45,4,1,0
BRDA:50,5,0,0
BRDA:50,5,1,0
BRDA:59,6,0,0
BRDA:59,6,1,0
BRDA:60,7,0,0
BRDA:60,7,1,0
BRDA:65,8,0,0
BRDA:65,8,1,0
BRF:16
BRH:4
end_of_record
TN:
SF:/Users/user/Desktop/COMP531/hw5/src/components/article/ArticleActions.js
FN:0,_interopRequireDefault
FN:3,addNewArticle
FN:3,(anonymous_3)
FN:7,(anonymous_4)
FN:15,loadArticle
FN:21,fetchArticle
FN:21,(anonymous_7)
FN:23,(anonymous_8)
FN:27,searchArticles
FN:33,showComment
FNF:10
FNH:4
FNDA:1,_interopRequireDefault
FNDA:0,addNewArticle
FNDA:0,(anonymous_3)
FNDA:0,(anonymous_4)
FNDA:0,loadArticle
FNDA:1,fetchArticle
FNDA:1,(anonymous_7)
FNDA:0,(anonymous_8)
FNDA:1,searchArticles
FNDA:0,showComment
DA:0,1
DA:2,1
DA:3,1
DA:5,0
DA:6,0
DA:8,0
DA:15,1
DA:16,0
DA:21,1
DA:22,1
DA:24,0
DA:27,1
DA:28,1
DA:33,1
DA:34,0
LF:15
LH:9
BRDA:0,1,0,1
BRDA:0,1,1,0
BRDA:0,2,0,1
BRDA:0,2,1,1
BRF:4
BRH:4
end_of_record
TN:
SF:/Users/user/Desktop/COMP531/hw5/src/components/main/FollowerActions.js
FN:0,_interopRequireDefault
FN:3,fetchFollowers
FN:4,(anonymous_3)
FN:6,(anonymous_4)
FN:10,(anonymous_5)
FN:14,(anonymous_6)
FN:18,unfollow
FN:23,follow
FN:27,loadFollower
FNF:9
FNH:1
FNDA:1,_interopRequireDefault
FNDA:0,fetchFollowers
FNDA:0,(anonymous_3)
FNDA:0,(anonymous_4)
FNDA:0,(anonymous_5)
FNDA:0,(anonymous_6)
FNDA:0,unfollow
FNDA:0,follow
FNDA:0,loadFollower
DA:0,1
DA:1,1
DA:3,1
DA:4,0
DA:5,0
DA:7,0
DA:8,0
DA:10,0
DA:11,0
DA:14,0
DA:18,1
DA:19,0
DA:23,1
DA:24,0
DA:27,1
DA:28,0
LF:16
LH:6
BRDA:0,1,0,1
BRDA:0,1,1,0
BRDA:0,2,0,1
BRDA:0,2,1,1
BRDA:5,3,0,0
BRDA:5,3,1,0
BRDA:5,4,0,0
BRDA:5,4,1,0
BRDA:7,5,0,0
BRDA:7,5,1,0
BRDA:7,6,0,0
BRDA:7,6,1,0
BRF:12
BRH:4
end_of_record
TN:
SF:/Users/user/Desktop/COMP531/hw5/src/components/profile/profileActions.js
FN:0,_interopRequireDefault
FN:4,go_to_profile
FN:4,(anonymous_3)
FN:9,fetchProfile
FN:9,(anonymous_5)
FN:16,fetchItem
FN:16,(anonymous_7)
FN:19,(anonymous_8)
FN:34,(anonymous_9)
FN:38,updateHeadline
FN:38,(anonymous_11)
FN:42,updateItem
FN:42,(anonymous_13)
FN:47,(anonymous_14)
FN:57,(anonymous_15)
FN:66,validation
FN:66,(anonymous_17)
FN:84,(anonymous_18)
FNF:18
FNH:9
FNDA:1,_interopRequireDefault
FNDA:0,go_to_profile
FNDA:0,(anonymous_3)
FNDA:1,fetchProfile
FNDA:1,(anonymous_5)
FNDA:5,fetchItem
FNDA:5,(anonymous_7)
FNDA:0,(anonymous_8)
FNDA:0,(anonymous_9)
FNDA:1,updateHeadline
FNDA:1,(anonymous_11)
FNDA:1,updateItem
FNDA:1,(anonymous_13)
FNDA:0,(anonymous_14)
FNDA:0,(anonymous_15)
FNDA:0,validation
FNDA:0,(anonymous_17)
FNDA:0,(anonymous_18)
DA:0,1
DA:2,1
DA:4,1
DA:5,0
DA:6,0
DA:9,1
DA:10,1
DA:11,1
DA:12,1
DA:13,1
DA:14,1
DA:16,5
DA:17,5
DA:18,5
DA:20,0
DA:22,0
DA:24,0
DA:26,0
DA:28,0
DA:30,0
DA:32,0
DA:34,0
DA:38,1
DA:39,1
DA:42,1
DA:43,1
DA:44,1
DA:45,1
DA:46,1
DA:48,0
DA:49,0
DA:50,0
DA:53,0
DA:54,0
DA:58,0
DA:66,1
DA:67,0
DA:68,0
DA:69,0
DA:72,0
DA:73,0
DA:76,0
DA:77,0
DA:80,0
DA:81,0
DA:84,0
DA:85,0
DA:86,0
DA:91,0
DA:92,0
DA:93,0
LF:51
LH:20
BRDA:0,1,0,1
BRDA:0,1,1,0
BRDA:0,2,0,1
BRDA:0,2,1,1
BRDA:21,3,0,0
BRDA:21,3,1,0
BRDA:21,3,2,0
BRDA:21,3,3,0
BRDA:21,3,4,0
BRDA:45,4,0,1
BRDA:45,4,1,0
BRDA:49,5,0,0
BRDA:49,5,1,0
BRDA:68,6,0,0
BRDA:68,6,1,0
BRDA:72,7,0,0
BRDA:72,7,1,0
BRDA:76,8,0,0
BRDA:76,8,1,0
BRDA:80,9,0,0
BRDA:80,9,1,0
BRDA:80,10,0,0
BRDA:80,10,1,0
BRDA:80,10,2,0
BRDA:85,11,0,0
BRDA:85,11,1,0
BRDA:85,12,0,0
BRDA:85,12,1,0
BRF:28
BRH:5
end_of_record
TN:
SF:/Users/user/Desktop/COMP531/hw5/src/components/auth/register.js
FN:0,_interopRequireDefault
FN:0,_defineProperty
FN:0,_objectWithoutProperties
FN:8,Registration
FN:17,FieldGroup
FN:29,onRegisterClick
FN:48,inputRef
FN:50,inputRef
FN:52,inputRef
FN:54,inputRef
FN:55,inputRef
FN:57,inputRef
FN:75,(anonymous_13)
FN:80,(anonymous_14)
FN:82,validation
FNF:15
FNH:3
FNDA:2,_interopRequireDefault
FNDA:0,_defineProperty
FNDA:0,_objectWithoutProperties
FNDA:0,Registration
FNDA:0,FieldGroup
FNDA:0,onRegisterClick
FNDA:0,inputRef
FNDA:0,inputRef
FNDA:0,inputRef
FNDA:0,inputRef
FNDA:0,inputRef
FNDA:0,inputRef
FNDA:0,(anonymous_13)
FNDA:0,(anonymous_14)
FNDA:0,validation
DA:0,2
DA:1,1
DA:2,1
DA:3,1
DA:4,1
DA:5,1
DA:6,1
DA:8,1
DA:10,0
DA:11,0
DA:12,0
DA:13,0
DA:14,0
DA:15,0
DA:17,1
DA:19,0
DA:29,0
DA:30,0
DA:38,0
DA:48,0
DA:50,0
DA:52,0
DA:54,0
DA:55,0
DA:57,0
DA:70,1
DA:74,1
DA:76,0
DA:81,0
DA:82,0
LF:30
LH:11
BRDA:0,1,0,1
BRDA:0,1,1,1
BRDA:0,2,0,2
BRDA:0,2,1,2
BRDA:0,3,0,0
BRDA:0,3,1,0
BRDA:0,4,0,0
BRDA:0,4,1,0
BRDA:0,5,0,0
BRDA:0,5,1,0
BRF:10
BRH:10
end_of_record
TN:
SF:/Users/user/Desktop/COMP531/hw5/src/components/message.js
FN:0,_interopRequireDefault
FN:4,Message
FNF:2
FNH:1
FNDA:1,_interopRequireDefault
FNDA:0,Message
DA:0,1
DA:1,1
DA:2,1
DA:3,1
DA:4,1
DA:6,0
DA:18,1
LF:7
LH:6
BRDA:0,1,0,0
BRDA:0,1,1,1
BRDA:0,2,0,1
BRDA:0,2,1,1
BRDA:7,3,0,0
BRDA:7,3,1,0
BRF:6
BRH:4
end_of_record
TN:
SF:/Users/user/Desktop/COMP531/hw5/src/components/main/main.js
FN:0,_interopRequireDefault
FN:11,Main
FN:45,(anonymous_3)
FN:49,(anonymous_4)
FN:51,logout
FN:52,profile
FNF:6
FNH:1
FNDA:5,_interopRequireDefault
FNDA:0,Main
FNDA:0,(anonymous_3)
FNDA:0,(anonymous_4)
FNDA:0,logout
FNDA:0,profile
DA:0,5
DA:1,1
DA:2,1
DA:3,1
DA:4,1
DA:5,1
DA:6,1
DA:7,1
DA:8,1
DA:9,1
DA:11,1
DA:13,0
DA:39,1
DA:45,1
DA:46,0
DA:50,0
DA:51,0
DA:52,0
LF:18
LH:13
BRDA:0,1,0,4
BRDA:0,1,1,1
BRDA:0,2,0,5
BRDA:0,2,1,5
BRF:4
BRH:4
end_of_record
TN:
SF:/Users/user/Desktop/COMP531/hw5/src/components/article/articleList.js
FN:0,(anonymous_1)
FN:0,_interopRequireDefault
FN:9,ArticleList
FN:12,_search
FN:23,inputRef
FN:27,(anonymous_6)
FN:41,getFilteredArticles
FN:44,(anonymous_8)
FN:49,(anonymous_9)
FN:56,(anonymous_10)
FN:61,(anonymous_11)
FN:63,logout
FN:64,profile
FN:65,search
FN:66,showCommAction
FNF:15
FNH:5
FNDA:0,(anonymous_1)
FNDA:3,_interopRequireDefault
FNDA:0,ArticleList
FNDA:0,_search
FNDA:0,inputRef
FNDA:0,(anonymous_6)
FNDA:1,getFilteredArticles
FNDA:1,(anonymous_8)
FNDA:2,(anonymous_9)
FNDA:0,(anonymous_10)
FNDA:0,(anonymous_11)
FNDA:0,logout
FNDA:0,profile
FNDA:0,search
FNDA:0,showCommAction
DA:0,3
DA:1,1
DA:2,1
DA:3,1
DA:4,1
DA:5,1
DA:6,1
DA:7,1
DA:9,1
DA:10,0
DA:12,0
DA:13,0
DA:14,0
DA:18,0
DA:23,0
DA:27,0
DA:28,0
DA:35,1
DA:41,1
DA:44,1
DA:45,0
DA:46,0
DA:47,1
DA:48,1
DA:49,2
DA:52,0
DA:55,1
DA:57,0
DA:62,0
DA:63,0
DA:64,0
DA:65,0
DA:66,0
LF:33
LH:16
BRDA:0,1,0,1
BRDA:0,1,1,0
BRDA:0,2,0,0
BRDA:0,2,1,0
BRDA:0,3,0,2
BRDA:0,3,1,1
BRDA:0,4,0,3
BRDA:0,4,1,3
BRDA:13,5,0,0
BRDA:13,5,1,0
BRDA:44,6,0,1
BRDA:44,6,1,0
BRDA:45,7,0,0
BRDA:45,7,1,0
BRDA:47,8,0,1
BRDA:47,8,1,0
BRDA:49,9,0,2
BRDA:49,9,1,1
BRF:18
BRH:12
end_of_record
TN:
SF:/Users/user/Desktop/COMP531/hw5/src/components/article/ArticleItem.js
FN:0,_interopRequireDefault
FN:5,ArticleItem
FN:6,show
FN:29,(anonymous_4)
FNF:4
FNH:2
FNDA:2,_interopRequireDefault
FNDA:1,ArticleItem
FNDA:0,show
FNDA:0,(anonymous_4)
DA:0,2
DA:1,1
DA:2,1
DA:3,1
DA:4,1
DA:5,1
DA:6,1
DA:7,0
DA:30,0
DA:43,1
DA:51,1
LF:11
LH:9
BRDA:0,1,0,1
BRDA:0,1,1,1
BRDA:0,2,0,2
BRDA:0,2,1,2
BRDA:29,3,0,0
BRDA:29,3,1,1
BRF:6
BRH:5
end_of_record
TN:
SF:/Users/user/Desktop/COMP531/hw5/src/components/article/Comment.js
FN:0,_interopRequireDefault
FN:4,Comment
FNF:2
FNH:1
FNDA:1,_interopRequireDefault
FNDA:0,Comment
DA:0,1
DA:1,1
DA:2,1
DA:3,1
DA:4,1
DA:6,0
DA:14,1
LF:7
LH:6
BRDA:0,1,0,0
BRDA:0,1,1,1
BRDA:0,2,0,1
BRDA:0,2,1,1
BRF:4
BRH:4
end_of_record
TN:
SF:/Users/user/Desktop/COMP531/hw5/src/components/article/newArticle.js
FN:0,_interopRequireDefault
FN:6,NewArticle
FN:8,_addArticle
FN:16,ref
FN:21,onClick
FN:34,(anonymous_6)
FN:36,addArticle
FNF:7
FNH:1
FNDA:1,_interopRequireDefault
FNDA:0,NewArticle
FNDA:0,_addArticle
FNDA:0,ref
FNDA:0,onClick
FNDA:0,(anonymous_6)
FNDA:0,addArticle
DA:0,1
DA:1,1
DA:2,1
DA:3,1
DA:4,1
DA:6,1
DA:7,0
DA:8,0
DA:9,0
DA:10,0
DA:11,0
DA:15,0
DA:16,0
DA:21,0
DA:29,1
DA:33,1
DA:35,0
DA:36,0
LF:18
LH:8
BRDA:0,1,0,0
BRDA:0,1,1,1
BRDA:0,2,0,1
BRDA:0,2,1,1
BRDA:9,3,0,0
BRDA:9,3,1,0
BRDA:9,4,0,0
BRDA:9,4,1,0
BRF:8
BRH:4
end_of_record
TN:
SF:/Users/user/Desktop/COMP531/hw5/src/components/main/brief.js
FN:0,_interopRequireDefault
FN:7,Brief
FN:9,updateText
FN:24,ref
FN:40,(anonymous_5)
FN:47,(anonymous_6)
FN:49,updateHeadline
FN:50,error
FNF:8
FNH:1
FNDA:1,_interopRequireDefault
FNDA:0,Brief
FNDA:0,updateText
FNDA:0,ref
FNDA:0,(anonymous_5)
FNDA:0,(anonymous_6)
FNDA:0,updateHeadline
FNDA:0,error
DA:0,1
DA:1,1
DA:2,1
DA:3,1
DA:4,1
DA:5,1
DA:7,1
DA:8,0
DA:9,0
DA:10,0
DA:11,0
DA:12,0
DA:15,0
DA:19,0
DA:24,0
DA:31,1
DA:39,1
DA:41,0
DA:48,0
DA:49,0
DA:50,0
LF:21
LH:9
BRDA:0,1,0,0
BRDA:0,1,1,1
BRDA:0,2,0,1
BRDA:0,2,1,1
BRDA:10,3,0,0
BRDA:10,3,1,0
BRDA:10,4,0,0
BRDA:10,4,1,0
BRF:8
BRH:4
end_of_record
TN:
SF:/Users/user/Desktop/COMP531/hw5/src/components/main/followerList.js
FN:0,(anonymous_1)
FN:0,_interopRequireDefault
FN:9,FollowerList
FN:11,_addFollower
FN:26,(anonymous_5)
FN:30,ref
FN:47,(anonymous_7)
FN:54,(anonymous_8)
FN:56,follow
FN:57,error
FNF:10
FNH:2
FNDA:0,(anonymous_1)
FNDA:2,_interopRequireDefault
FNDA:0,FollowerList
FNDA:0,_addFollower
FNDA:0,(anonymous_5)
FNDA:0,ref
FNDA:0,(anonymous_7)
FNDA:0,(anonymous_8)
FNDA:0,follow
FNDA:0,error
DA:0,2
DA:1,1
DA:2,1
DA:3,1
DA:4,1
DA:5,1
DA:6,1
DA:9,1
DA:10,0
DA:11,0
DA:12,0
DA:13,0
DA:14,0
DA:17,0
DA:22,0
DA:26,0
DA:27,0
DA:30,0
DA:39,1
DA:46,1
DA:49,0
DA:55,0
DA:56,0
DA:57,0
LF:24
LH:10
BRDA:0,1,0,1
BRDA:0,1,1,0
BRDA:0,2,0,0
BRDA:0,2,1,0
BRDA:0,3,0,1
BRDA:0,3,1,1
BRDA:0,4,0,2
BRDA:0,4,1,2
BRDA:12,5,0,0
BRDA:12,5,1,0
BRDA:12,6,0,0
BRDA:12,6,1,0
BRF:12
BRH:8
end_of_record
TN:
SF:/Users/user/Desktop/COMP531/hw5/src/components/main/Follower.js
FN:0,_interopRequireDefault
FN:6,Follower
FN:31,(anonymous_3)
FN:33,unfollow
FNF:4
FNH:1
FNDA:1,_interopRequireDefault
FNDA:0,Follower
FNDA:0,(anonymous_3)
FNDA:0,unfollow
DA:0,1
DA:1,1
DA:2,1
DA:3,1
DA:4,1
DA:6,1
DA:8,0
DA:23,1
DA:30,1
DA:32,0
DA:33,0
LF:11
LH:8
BRDA:0,1,0,0
BRDA:0,1,1,1
BRDA:0,2,0,1
BRDA:0,2,1,1
BRF:4
BRH:4
end_of_record
TN:
SF:/Users/user/Desktop/COMP531/hw5/src/components/profile/profile.js
FN:0,_interopRequireDefault
FN:8,Profile
FN:31,(anonymous_3)
FN:32,main
FNF:4
FNH:1
FNDA:3,_interopRequireDefault
FNDA:0,Profile
FNDA:0,(anonymous_3)
FNDA:0,main
DA:0,3
DA:1,1
DA:2,1
DA:3,1
DA:4,1
DA:5,1
DA:6,1
DA:8,1
DA:11,0
DA:30,1
DA:31,0
DA:32,0
LF:12
LH:9
BRDA:0,1,0,2
BRDA:0,1,1,1
BRDA:0,2,0,3
BRDA:0,2,1,3
BRF:4
BRH:4
end_of_record
TN:
SF:/Users/user/Desktop/COMP531/hw5/src/components/profile/avatar.js
FN:0,_interopRequireDefault
FN:5,Avatar
FN:22,(anonymous_3)
FNF:3
FNH:1
FNDA:1,_interopRequireDefault
FNDA:0,Avatar
FNDA:0,(anonymous_3)
DA:0,1
DA:1,1
DA:2,1
DA:3,1
DA:5,1
DA:9,0
DA:17,1
DA:21,1
DA:23,0
LF:9
LH:7
BRDA:0,1,0,0
BRDA:0,1,1,1
BRDA:0,2,0,1
BRDA:0,2,1,1
BRF:4
BRH:4
end_of_record
TN:
SF:/Users/user/Desktop/COMP531/hw5/src/components/profile/profileForm.js
FN:0,_interopRequireDefault
FN:0,_defineProperty
FN:0,_objectWithoutProperties
FN:7,ProfileForm
FN:14,FieldGroup
FN:27,onUpdateClick
FN:48,inputRef
FN:52,inputRef
FN:53,inputRef
FN:55,inputRef
FN:75,(anonymous_11)
FN:82,(anonymous_12)
FN:83,updateProfile
FNF:13
FNH:3
FNDA:2,_interopRequireDefault
FNDA:0,_defineProperty
FNDA:0,_objectWithoutProperties
FNDA:0,ProfileForm
FNDA:0,FieldGroup
FNDA:0,onUpdateClick
FNDA:0,inputRef
FNDA:0,inputRef
FNDA:0,inputRef
FNDA:0,inputRef
FNDA:0,(anonymous_11)
FNDA:0,(anonymous_12)
FNDA:0,updateProfile
DA:0,2
DA:1,1
DA:2,1
DA:3,1
DA:4,1
DA:5,1
DA:7,1
DA:9,0
DA:10,0
DA:11,0
DA:12,0
DA:14,1
DA:16,0
DA:27,0
DA:28,0
DA:29,0
DA:35,0
DA:48,0
DA:52,0
DA:53,0
DA:55,0
DA:66,1
DA:74,1
DA:76,0
DA:83,0
LF:25
LH:10
BRDA:0,1,0,1
BRDA:0,1,1,1
BRDA:0,2,0,2
BRDA:0,2,1,2
BRDA:0,3,0,0
BRDA:0,3,1,0
BRDA:0,4,0,0
BRDA:0,4,1,0
BRDA:0,5,0,0
BRDA:0,5,1,0
BRF:10
BRH:10
end_of_record
TN:
SF:/Users/user/Desktop/COMP531/hw5/src/components/article/ArticleAction.spec.js
FN:0,_interopRequireDefault
FN:5,(anonymous_2)
FN:7,(anonymous_3)
FN:21,(anonymous_4)
FN:27,(anonymous_5)
FN:34,(anonymous_6)
FN:40,(anonymous_7)
FNF:7
FNH:6
FNDA:2,_interopRequireDefault
FNDA:1,(anonymous_2)
FNDA:2,(anonymous_3)
FNDA:2,(anonymous_4)
FNDA:1,(anonymous_5)
FNDA:0,(anonymous_6)
FNDA:1,(anonymous_7)
DA:0,2
DA:1,1
DA:2,1
DA:3,1
DA:5,1
DA:6,1
DA:7,1
DA:8,2
DA:9,0
DA:10,0
DA:11,0
DA:13,2
DA:14,2
DA:15,2
DA:16,2
DA:17,2
DA:21,1
DA:22,2
DA:23,0
DA:24,0
DA:27,1
DA:28,1
DA:29,1
DA:34,1
DA:35,0
DA:40,1
DA:41,1
LF:27
LH:21
BRDA:0,1,0,0
BRDA:0,1,1,2
BRDA:0,2,0,2
BRDA:0,2,1,2
BRDA:8,3,0,0
BRDA:8,3,1,2
BRDA:22,4,0,0
BRDA:22,4,1,2
BRF:8
BRH:6
end_of_record
TN:
SF:/Users/user/Desktop/COMP531/hw5/src/components/article/ArticleView.spec.js
FN:0,(anonymous_1)
FN:0,_interopRequireDefault
FN:0,_toConsumableArray
FN:9,findByClassname
FN:10,(anonymous_5)
FN:14,(anonymous_6)
FN:16,(anonymous_7)
FN:38,(anonymous_8)
FNF:8
FNH:8
FNDA:0,(anonymous_1)
FNDA:6,_interopRequireDefault
FNDA:1,_toConsumableArray
FNDA:1,findByClassname
FNDA:4,(anonymous_5)
FNDA:1,(anonymous_6)
FNDA:1,(anonymous_7)
FNDA:1,(anonymous_8)
DA:0,6
DA:1,1
DA:2,1
DA:3,1
DA:4,1
DA:5,1
DA:6,1
DA:7,1
DA:8,1
DA:9,1
DA:10,4
DA:11,1
DA:14,1
DA:16,1
DA:21,1
DA:25,1
DA:26,1
DA:27,1
DA:28,1
DA:30,1
DA:38,1
DA:39,1
DA:40,1
DA:44,1
LF:24
LH:24
BRDA:0,1,0,1
BRDA:0,1,1,0
BRDA:0,2,0,0
BRDA:0,2,1,0
BRDA:0,3,0,4
BRDA:0,3,1,2
BRDA:0,4,0,6
BRDA:0,4,1,6
BRDA:0,5,0,1
BRDA:0,5,1,0
BRDA:11,6,0,1
BRDA:11,6,1,0
BRF:12
BRH:11
end_of_record
TN:
SF:/Users/user/Desktop/COMP531/hw5/src/reducers.js
FN:0,(anonymous_1)
FN:0,_interopRequireDefault
FN:0,_toConsumableArray
FN:3,Location
FN:24,User
FN:71,follower
FN:86,(anonymous_7)
FN:92,articles
FN:98,(anonymous_9)
FN:113,(anonymous_10)
FNF:10
FNH:8
FNDA:0,(anonymous_1)
FNDA:1,_interopRequireDefault
FNDA:1,_toConsumableArray
FNDA:8,Location
FNDA:8,User
FNDA:8,follower
FNDA:0,(anonymous_7)
FNDA:8,articles
FNDA:1,(anonymous_9)
FNDA:0,(anonymous_10)
DA:0,1
DA:1,1
DA:2,1
DA:3,8
DA:7,8
DA:8,8
DA:10,1
DA:12,1
DA:14,0
DA:16,0
DA:18,0
DA:20,6
DA:24,8
DA:31,8
DA:32,8
DA:34,0
DA:35,0
DA:37,0
DA:38,0
DA:40,0
DA:41,0
DA:43,0
DA:44,0
DA:48,0
DA:52,0
DA:53,0
DA:55,0
DA:56,0
DA:58,0
DA:59,0
DA:61,0
DA:62,0
DA:64,0
DA:65,0
DA:68,8
DA:71,8
DA:73,8
DA:74,8
DA:77,0
DA:82,0
DA:86,0
DA:88,8
DA:92,8
DA:95,8
DA:96,8
DA:98,1
DA:99,1
DA:101,1
DA:105,1
DA:107,1
DA:111,1
DA:113,0
DA:114,0
DA:116,0
DA:120,5
DA:125,1
DA:128,1
LF:57
LH:29
BRDA:0,1,0,1
BRDA:0,1,1,0
BRDA:0,2,0,0
BRDA:0,2,1,0
BRDA:0,3,0,1
BRDA:0,3,1,0
BRDA:0,4,0,1
BRDA:0,4,1,1
BRDA:0,5,0,1
BRDA:0,5,1,0
BRDA:3,6,0,1
BRDA:3,6,1,7
BRDA:3,7,0,8
BRDA:3,7,1,8
BRDA:9,8,0,1
BRDA:9,8,1,1
BRDA:9,8,2,0
BRDA:9,8,3,0
BRDA:9,8,4,0
BRDA:9,8,5,6
BRDA:24,9,0,1
BRDA:24,9,1,7
BRDA:24,10,0,8
BRDA:24,10,1,8
BRDA:33,11,0,0
BRDA:33,11,1,0
BRDA:33,11,2,0
BRDA:33,11,3,8
BRDA:34,12,0,0
BRDA:34,12,1,0
BRDA:37,13,0,0
BRDA:37,13,1,0
BRDA:40,14,0,0
BRDA:40,14,1,0
BRDA:43,15,0,0
BRDA:43,15,1,0
BRDA:52,16,0,0
BRDA:52,16,1,0
BRDA:55,17,0,0
BRDA:55,17,1,0
BRDA:58,18,0,0
BRDA:58,18,1,0
BRDA:61,19,0,0
BRDA:61,19,1,0
BRDA:64,20,0,0
BRDA:64,20,1,0
BRDA:71,21,0,1
BRDA:71,21,1,7
BRDA:71,22,0,8
BRDA:71,22,1,8
BRDA:75,23,0,0
BRDA:75,23,1,0
BRDA:75,23,2,0
BRDA:75,23,3,8
BRDA:92,24,0,1
BRDA:92,24,1,7
BRDA:92,25,0,8
BRDA:92,25,1,8
BRDA:97,26,0,1
BRDA:97,26,1,1
BRDA:97,26,2,1
BRDA:97,26,3,0
BRDA:97,26,4,5
BRF:63
BRH:35
end_of_record
TN:
SF:/Users/user/Desktop/COMP531/hw5/src/components/auth/LandingAction.spec.js
FN:0,_interopRequireDefault
FN:5,(anonymous_2)
FN:7,(anonymous_3)
FN:20,(anonymous_4)
FN:27,(anonymous_5)
FN:37,(anonymous_6)
FN:49,(anonymous_7)
FN:59,(anonymous_8)
FN:70,(anonymous_9)
FN:77,(anonymous_10)
FNF:10
FNH:7
FNDA:2,_interopRequireDefault
FNDA:1,(anonymous_2)
FNDA:3,(anonymous_3)
FNDA:3,(anonymous_4)
FNDA:1,(anonymous_5)
FNDA:0,(anonymous_6)
FNDA:1,(anonymous_7)
FNDA:0,(anonymous_8)
FNDA:1,(anonymous_9)
FNDA:0,(anonymous_10)
DA:0,2
DA:1,1
DA:2,1
DA:3,1
DA:5,1
DA:6,1
DA:7,1
DA:8,3
DA:9,0
DA:10,0
DA:11,0
DA:13,3
DA:14,3
DA:15,3
DA:16,3
DA:17,3
DA:20,1
DA:21,3
DA:22,0
DA:23,0
DA:26,1
DA:27,1
DA:28,1
DA:29,1
DA:30,1
DA:35,1
DA:38,0
DA:39,0
DA:43,0
DA:48,1
DA:49,1
DA:51,1
DA:52,1
DA:53,1
DA:58,1
DA:60,0
DA:61,0
DA:65,0
DA:70,1
DA:71,1
DA:76,1
DA:77,0
LF:42
LH:30
BRDA:0,1,0,0
BRDA:0,1,1,2
BRDA:0,2,0,2
BRDA:0,2,1,2
BRDA:8,3,0,0
BRDA:8,3,1,3
BRDA:21,4,0,0
BRDA:21,4,1,3
BRDA:38,5,0,0
BRDA:38,5,1,0
BRDA:60,6,0,0
BRDA:60,6,1,0
BRF:12
BRH:6
end_of_record
TN:
SF:/Users/user/Desktop/COMP531/hw5/src/components/profile/ProfileAction.spec.js
FN:0,_interopRequireDefault
FN:5,(anonymous_2)
FN:7,(anonymous_3)
FN:21,(anonymous_4)
FN:29,(anonymous_5)
FN:56,(anonymous_6)
FN:56,(anonymous_7)
FN:81,(anonymous_8)
FN:90,(anonymous_9)
FN:90,(anonymous_10)
FNF:10
FNH:8
FNDA:2,_interopRequireDefault
FNDA:1,(anonymous_2)
FNDA:2,(anonymous_3)
FNDA:2,(anonymous_4)
FNDA:1,(anonymous_5)
FNDA:5,(anonymous_6)
FNDA:0,(anonymous_7)
FNDA:1,(anonymous_8)
FNDA:1,(anonymous_9)
FNDA:0,(anonymous_10)
DA:0,2
DA:1,1
DA:2,1
DA:3,1
DA:5,1
DA:6,1
DA:7,1
DA:8,2
DA:9,0
DA:10,0
DA:11,0
DA:13,2
DA:14,2
DA:15,2
DA:16,2
DA:17,2
DA:21,1
DA:22,2
DA:23,0
DA:24,0
DA:29,1
DA:30,1
DA:35,1
DA:40,1
DA:45,1
DA:50,1
DA:55,1
DA:56,5
DA:57,0
DA:58,0
DA:59,0
DA:61,0
DA:62,0
DA:63,0
DA:65,0
DA:66,0
DA:67,0
DA:69,0
DA:70,0
DA:71,0
DA:73,0
DA:74,0
DA:81,1
DA:82,1
DA:83,1
DA:84,1
DA:89,1
DA:90,1
DA:91,0
LF:49
LH:29
BRDA:0,1,0,0
BRDA:0,1,1,2
BRDA:0,2,0,2
BRDA:0,2,1,2
BRDA:8,3,0,0
BRDA:8,3,1,2
BRDA:22,4,0,0
BRDA:22,4,1,2
BRDA:57,5,0,0
BRDA:57,5,1,0
BRDA:61,6,0,0
BRDA:61,6,1,0
BRDA:65,7,0,0
BRDA:65,7,1,0
BRDA:69,8,0,0
BRDA:69,8,1,0
BRDA:73,9,0,0
BRDA:73,9,1,0
BRF:18
BRH:6
end_of_record
TN:
SF:/Users/user/Desktop/COMP531/hw5/src/reducers.spec.js
FN:0,(anonymous_1)
FN:0,_interopRequireDefault
FN:7,(anonymous_3)
FN:9,(anonymous_4)
FN:19,(anonymous_5)
FN:33,(anonymous_6)
FN:36,(anonymous_7)
FN:41,(anonymous_8)
FN:45,(anonymous_9)
FN:50,(anonymous_10)
FN:54,(anonymous_11)
FNF:11
FNH:11
FNDA:0,(anonymous_1)
FNDA:2,_interopRequireDefault
FNDA:1,(anonymous_3)
FNDA:6,(anonymous_4)
FNDA:6,(anonymous_5)
FNDA:1,(anonymous_6)
FNDA:1,(anonymous_7)
FNDA:1,(anonymous_8)
FNDA:1,(anonymous_9)
FNDA:1,(anonymous_10)
FNDA:1,(anonymous_11)
DA:0,2
DA:1,1
DA:2,1
DA:3,1
DA:4,1
DA:7,1
DA:8,1
DA:9,1
DA:10,6
DA:11,0
DA:12,0
DA:13,0
DA:15,6
DA:16,6
DA:19,1
DA:20,6
DA:21,0
DA:22,0
DA:25,1
DA:33,1
DA:34,1
DA:36,1
DA:37,1
DA:38,1
DA:41,1
DA:42,1
DA:43,1
DA:45,1
DA:46,1
DA:47,1
DA:50,1
DA:51,1
DA:52,1
DA:54,1
DA:55,1
DA:56,1
LF:36
LH:31
BRDA:0,1,0,1
BRDA:0,1,1,0
BRDA:0,2,0,0
BRDA:0,2,1,0
BRDA:0,3,0,0
BRDA:0,3,1,2
BRDA:0,4,0,2
BRDA:0,4,1,2
BRDA:10,5,0,0
BRDA:10,5,1,6
BRDA:20,6,0,0
BRDA:20,6,1,6
BRF:12
BRH:10
end_of_record
