TN:
SF:/Users/user/Desktop/COMP531/hw6/frontend/src/actions.js
FN:0,_interopRequireDefault
FN:0,_defineProperty
FN:30,logOut
FN:36,go_To_Main
FN:42,go_To_Profile
FN:48,addUser
FN:54,success
FN:60,error
FN:71,resource
FN:86,(anonymous_10)
FNF:10
FNH:9
FNDA:1,_interopRequireDefault
FNDA:5,_defineProperty
FNDA:1,logOut
FNDA:1,go_To_Main
FNDA:1,go_To_Profile
FNDA:0,addUser
FNDA:1,success
FNDA:1,error
FNDA:13,resource
FNDA:3,(anonymous_10)
DA:0,5
DA:1,1
DA:3,1
DA:27,1
DA:30,1
DA:31,1
DA:36,1
DA:37,1
DA:42,1
DA:43,1
DA:48,1
DA:49,0
DA:54,1
DA:55,1
DA:60,1
DA:61,1
DA:67,1
DA:71,13
DA:72,13
DA:76,13
DA:77,13
DA:80,13
DA:83,0
DA:85,13
DA:87,3
DA:88,3
DA:91,0
DA:92,0
LF:28
LH:24
BRDA:0,1,0,0
BRDA:0,1,1,1
BRDA:0,2,0,1
BRDA:0,2,1,1
BRDA:0,3,0,1
BRDA:0,3,1,4
BRDA:71,4,0,0
BRDA:71,4,1,13
BRDA:71,5,0,13
BRDA:71,5,1,0
BRDA:76,6,0,13
BRDA:76,6,1,0
BRDA:80,7,0,4
BRDA:80,7,1,9
BRDA:83,8,0,0
BRDA:83,8,1,0
BRDA:87,9,0,3
BRDA:87,9,1,0
BRDA:88,10,0,3
BRDA:88,10,1,0
BRF:20
BRH:13
end_of_record
TN:
SF:/Users/user/Desktop/COMP531/hw6/frontend/src/actions.spec.js
FN:0,_interopRequireDefault
FN:5,(anonymous_2)
FN:7,(anonymous_3)
FN:20,(anonymous_4)
FN:27,(anonymous_5)
FN:34,(anonymous_6)
FN:40,(anonymous_7)
FN:46,(anonymous_8)
FN:53,(anonymous_9)
FN:62,(anonymous_10)
FN:68,(anonymous_11)
FN:75,(anonymous_12)
FN:82,(anonymous_13)
FNF:13
FNH:12
FNDA:2,_interopRequireDefault
FNDA:1,(anonymous_2)
FNDA:6,(anonymous_3)
FNDA:6,(anonymous_4)
FNDA:1,(anonymous_5)
FNDA:1,(anonymous_6)
FNDA:1,(anonymous_7)
FNDA:0,(anonymous_8)
FNDA:1,(anonymous_9)
FNDA:1,(anonymous_10)
FNDA:1,(anonymous_11)
FNDA:1,(anonymous_12)
FNDA:1,(anonymous_13)
DA:0,2
DA:1,1
DA:2,1
DA:3,1
DA:5,1
DA:6,1
DA:7,1
DA:8,6
DA:9,0
DA:10,0
DA:11,0
DA:13,6
DA:14,6
DA:15,6
DA:16,6
DA:17,6
DA:20,1
DA:21,6
DA:22,0
DA:23,0
DA:27,1
DA:28,1
DA:33,1
DA:35,1
DA:40,1
DA:41,1
DA:45,1
DA:47,0
DA:53,1
DA:54,1
DA:55,1
DA:56,1
DA:61,1
DA:63,1
DA:68,1
DA:69,1
DA:73,1
DA:75,1
DA:76,1
DA:80,1
DA:82,1
DA:83,1
DA:84,1
DA:85,1
LF:44
LH:38
BRDA:0,1,0,0
BRDA:0,1,1,2
BRDA:0,2,0,2
BRDA:0,2,1,2
BRDA:8,3,0,0
BRDA:8,3,1,6
BRDA:21,4,0,0
BRDA:21,4,1,6
BRF:8
BRH:6
end_of_record
TN:
SF:/Users/user/Desktop/COMP531/hw6/frontend/src/components/FieldGroup.js
FN:0,_interopRequireDefault
FN:0,_objectWithoutProperties
FN:4,FieldGroup
FNF:3
FNH:2
FNDA:1,_interopRequireDefault
FNDA:0,_objectWithoutProperties
FNDA:0,FieldGroup
DA:0,1
DA:1,1
DA:2,1
DA:3,1
DA:4,1
DA:6,0
DA:17,1
LF:7
LH:6
BRDA:0,1,0,0
BRDA:0,1,1,1
BRDA:0,2,0,1
BRDA:0,2,1,1
BRDA:0,3,0,0
BRDA:0,3,1,0
BRDA:0,4,0,0
BRDA:0,4,1,0
BRF:8
BRH:8
end_of_record
TN:
SF:/Users/user/Desktop/COMP531/hw6/frontend/src/components/app.js
FN:0,_interopRequireDefault
FN:6,APP
FN:21,(anonymous_3)
FNF:3
FNH:1
FNDA:4,_interopRequireDefault
FNDA:0,APP
FNDA:0,(anonymous_3)
DA:0,4
DA:1,1
DA:2,1
DA:3,1
DA:4,1
DA:5,1
DA:6,1
DA:8,0
DA:10,0
DA:12,0
DA:13,0
DA:16,0
DA:19,1
DA:22,0
LF:14
LH:8
BRDA:0,1,0,3
BRDA:0,1,1,1
BRDA:0,2,0,4
BRDA:0,2,1,4
BRDA:8,3,0,0
BRDA:8,3,1,0
BRDA:12,4,0,0
BRDA:12,4,1,0
BRF:8
BRH:4
end_of_record
TN:
SF:/Users/user/Desktop/COMP531/hw6/frontend/src/components/auth/landing.js
FN:0,_interopRequireDefault
FN:6,Landing
FNF:2
FNH:1
FNDA:3,_interopRequireDefault
FNDA:0,Landing
DA:0,3
DA:1,1
DA:2,1
DA:3,1
DA:4,1
DA:6,1
DA:8,0
DA:15,1
LF:8
LH:7
BRDA:0,1,0,2
BRDA:0,1,1,1
BRDA:0,2,0,3
BRDA:0,2,1,3
BRF:4
BRH:4
end_of_record
TN:
SF:/Users/user/Desktop/COMP531/hw6/frontend/src/components/auth/login.js
FN:0,_interopRequireDefault
FN:9,Login
FN:13,onLogin
FN:22,inputRef
FN:25,inputRef
FN:40,(anonymous_6)
FN:42,_Login
FNF:7
FNH:1
FNDA:2,_interopRequireDefault
FNDA:0,Login
FNDA:0,onLogin
FNDA:0,inputRef
FNDA:0,inputRef
FNDA:0,(anonymous_6)
FNDA:0,_Login
DA:0,2
DA:1,1
DA:2,1
DA:3,1
DA:4,1
DA:5,1
DA:7,1
DA:9,1
DA:10,0
DA:11,0
DA:13,0
DA:14,0
DA:22,0
DA:25,0
DA:35,1
DA:40,1
DA:41,0
DA:42,0
LF:18
LH:10
BRDA:0,1,0,1
BRDA:0,1,1,1
BRDA:0,2,0,2
BRDA:0,2,1,2
BRF:4
BRH:4
end_of_record
TN:
SF:/Users/user/Desktop/COMP531/hw6/frontend/src/components/auth/LandingAction.js
FN:0,_interopRequireDefault
FN:7,updateUser
FN:14,logout
FN:14,(anonymous_4)
FN:16,(anonymous_5)
FN:19,(anonymous_6)
FN:26,_Login
FN:26,(anonymous_8)
FN:31,(anonymous_9)
FN:37,(anonymous_10)
FN:42,validation
FN:42,(anonymous_12)
FN:44,(anonymous_13)
FN:74,(anonymous_14)
FN:77,(anonymous_15)
FNF:15
FNH:5
FNDA:1,_interopRequireDefault
FNDA:0,updateUser
FNDA:1,logout
FNDA:1,(anonymous_4)
FNDA:0,(anonymous_5)
FNDA:0,(anonymous_6)
FNDA:2,_Login
FNDA:2,(anonymous_8)
FNDA:0,(anonymous_9)
FNDA:0,(anonymous_10)
FNDA:0,validation
FNDA:0,(anonymous_12)
FNDA:0,(anonymous_13)
FNDA:0,(anonymous_14)
FNDA:0,(anonymous_15)
DA:0,1
DA:1,1
DA:2,1
DA:3,1
DA:4,1
DA:7,1
DA:8,0
DA:14,1
DA:15,1
DA:17,0
DA:20,0
DA:26,2
DA:27,2
DA:28,2
DA:29,2
DA:30,2
DA:32,0
DA:33,0
DA:34,0
DA:35,0
DA:36,0
DA:38,0
DA:42,1
DA:43,0
DA:44,0
DA:45,0
DA:46,0
DA:47,0
DA:51,0
DA:52,0
DA:55,0
DA:56,0
DA:57,0
DA:58,0
DA:59,0
DA:60,0
DA:61,0
DA:62,0
DA:63,0
DA:66,0
DA:67,0
DA:68,0
DA:71,0
DA:72,0
DA:73,0
DA:75,0
DA:78,0
LF:47
LH:14
BRDA:0,1,0,1
BRDA:0,1,1,0
BRDA:0,2,0,1
BRDA:0,2,1,1
BRDA:45,3,0,0
BRDA:45,3,1,0
BRDA:46,4,0,0
BRDA:46,4,1,0
BRDA:51,5,0,0
BRDA:51,5,1,0
BRDA:60,6,0,0
BRDA:60,6,1,0
BRDA:61,7,0,0
BRDA:61,7,1,0
BRDA:66,8,0,0
BRDA:66,8,1,0
BRF:16
BRH:4
end_of_record
TN:
SF:/Users/user/Desktop/COMP531/hw6/frontend/src/components/article/ArticleActions.js
FN:0,_interopRequireDefault
FN:1,_toConsumableArray
FN:5,addAttribute
FN:9,(anonymous_4)
FN:13,addNewArticle
FN:13,(anonymous_6)
FN:19,(anonymous_7)
FN:29,loadArticle
FN:36,fetchArticle
FN:36,(anonymous_10)
FN:38,(anonymous_11)
FN:40,(anonymous_12)
FN:43,(anonymous_13)
FN:48,(anonymous_14)
FN:49,(anonymous_15)
FN:50,(anonymous_16)
FN:56,searchArticles
FN:63,showComment
FN:69,editArticle
FN:75,addnewComment
FN:81,editCommentAction
FN:88,putArticle
FN:88,(anonymous_23)
FN:93,(anonymous_24)
FN:108,updateComment
FN:108,(anonymous_26)
FN:112,updateArticle
FN:112,(anonymous_28)
FNF:28
FNH:4
FNDA:2,_interopRequireDefault
FNDA:0,_toConsumableArray
FNDA:0,addAttribute
FNDA:0,(anonymous_4)
FNDA:0,addNewArticle
FNDA:0,(anonymous_6)
FNDA:0,(anonymous_7)
FNDA:0,loadArticle
FNDA:1,fetchArticle
FNDA:1,(anonymous_10)
FNDA:0,(anonymous_11)
FNDA:0,(anonymous_12)
FNDA:0,(anonymous_13)
FNDA:0,(anonymous_14)
FNDA:0,(anonymous_15)
FNDA:0,(anonymous_16)
FNDA:1,searchArticles
FNDA:0,showComment
FNDA:0,editArticle
FNDA:0,addnewComment
FNDA:0,editCommentAction
FNDA:0,putArticle
FNDA:0,(anonymous_23)
FNDA:0,(anonymous_24)
FNDA:0,updateComment
FNDA:0,(anonymous_26)
FNDA:0,updateArticle
FNDA:0,(anonymous_28)
DA:0,2
DA:1,1
DA:2,1
DA:3,1
DA:5,1
DA:6,0
DA:7,0
DA:8,0
DA:9,0
DA:10,0
DA:13,1
DA:15,0
DA:16,0
DA:17,0
DA:18,0
DA:20,0
DA:21,0
DA:29,1
DA:30,0
DA:36,1
DA:37,1
DA:39,0
DA:40,0
DA:41,0
DA:42,0
DA:43,0
DA:44,0
DA:45,0
DA:47,0
DA:49,0
DA:50,0
DA:52,0
DA:56,1
DA:57,1
DA:63,1
DA:64,0
DA:69,1
DA:70,0
DA:75,1
DA:76,0
DA:81,1
DA:82,0
DA:88,1
DA:89,0
DA:90,0
DA:91,0
DA:92,0
DA:94,0
DA:95,0
DA:102,0
DA:108,1
DA:109,0
DA:110,0
DA:112,1
DA:113,0
DA:114,0
LF:56
LH:18
BRDA:0,1,0,1
BRDA:0,1,1,1
BRDA:0,2,0,2
BRDA:0,2,1,2
BRDA:1,3,0,0
BRDA:1,3,1,0
BRDA:5,4,0,0
BRDA:5,4,1,0
BRDA:5,5,0,0
BRDA:5,5,1,0
BRDA:5,6,0,0
BRDA:5,6,1,0
BRDA:5,7,0,0
BRDA:5,7,1,0
BRDA:5,8,0,0
BRDA:5,8,1,0
BRDA:5,9,0,0
BRDA:5,9,1,0
BRDA:5,10,0,0
BRDA:5,10,1,0
BRDA:5,11,0,0
BRDA:5,11,1,0
BRDA:91,12,0,0
BRDA:91,12,1,0
BRDA:94,13,0,0
BRDA:94,13,1,0
BRF:26
BRH:4
end_of_record
TN:
SF:/Users/user/Desktop/COMP531/hw6/frontend/src/components/main/FollowerActions.js
FN:0,_interopRequireDefault
FN:4,fetchFollowers
FN:5,(anonymous_3)
FN:7,(anonymous_4)
FN:11,(anonymous_5)
FN:14,(anonymous_6)
FN:15,(anonymous_7)
FN:23,(anonymous_8)
FN:24,(anonymous_9)
FN:31,(anonymous_10)
FN:34,(anonymous_11)
FN:38,unfollow
FN:43,follow
FN:47,loadFollower
FNF:14
FNH:1
FNDA:2,_interopRequireDefault
FNDA:0,fetchFollowers
FNDA:0,(anonymous_3)
FNDA:0,(anonymous_4)
FNDA:0,(anonymous_5)
FNDA:0,(anonymous_6)
FNDA:0,(anonymous_7)
FNDA:0,(anonymous_8)
FNDA:0,(anonymous_9)
FNDA:0,(anonymous_10)
FNDA:0,(anonymous_11)
FNDA:0,unfollow
FNDA:0,follow
FNDA:0,loadFollower
DA:0,2
DA:1,1
DA:2,1
DA:4,1
DA:5,0
DA:6,0
DA:8,0
DA:9,0
DA:11,0
DA:12,0
DA:13,0
DA:15,0
DA:16,0
DA:17,0
DA:18,0
DA:22,0
DA:24,0
DA:25,0
DA:26,0
DA:27,0
DA:31,0
DA:34,0
DA:38,1
DA:39,0
DA:43,1
DA:44,0
DA:47,1
DA:48,0
LF:28
LH:7
BRDA:0,1,0,1
BRDA:0,1,1,1
BRDA:0,2,0,2
BRDA:0,2,1,2
BRDA:6,3,0,0
BRDA:6,3,1,0
BRDA:6,4,0,0
BRDA:6,4,1,0
BRDA:8,5,0,0
BRDA:8,5,1,0
BRDA:8,6,0,0
BRDA:8,6,1,0
BRDA:17,7,0,0
BRDA:17,7,1,0
BRDA:26,8,0,0
BRDA:26,8,1,0
BRF:16
BRH:4
end_of_record
TN:
SF:/Users/user/Desktop/COMP531/hw6/frontend/src/components/profile/profileActions.js
FN:0,_interopRequireDefault
FN:4,go_to_profile
FN:4,(anonymous_3)
FN:9,fetchProfile
FN:9,(anonymous_5)
FN:17,fetchItem
FN:17,(anonymous_7)
FN:20,(anonymous_8)
FN:35,(anonymous_9)
FN:39,updateHeadline
FN:39,(anonymous_11)
FN:43,updateItem
FN:43,(anonymous_13)
FN:48,(anonymous_14)
FN:58,(anonymous_15)
FN:64,updateAvatar
FN:64,(anonymous_17)
FN:71,validation
FN:71,(anonymous_19)
FN:88,(anonymous_20)
FN:99,postAvatar
FN:99,(anonymous_22)
FN:103,(anonymous_23)
FN:104,(anonymous_24)
FNF:24
FNH:9
FNDA:1,_interopRequireDefault
FNDA:0,go_to_profile
FNDA:0,(anonymous_3)
FNDA:1,fetchProfile
FNDA:1,(anonymous_5)
FNDA:5,fetchItem
FNDA:5,(anonymous_7)
FNDA:0,(anonymous_8)
FNDA:0,(anonymous_9)
FNDA:1,updateHeadline
FNDA:1,(anonymous_11)
FNDA:1,updateItem
FNDA:1,(anonymous_13)
FNDA:0,(anonymous_14)
FNDA:0,(anonymous_15)
FNDA:0,updateAvatar
FNDA:0,(anonymous_17)
FNDA:0,validation
FNDA:0,(anonymous_19)
FNDA:0,(anonymous_20)
FNDA:0,postAvatar
FNDA:0,(anonymous_22)
FNDA:0,(anonymous_23)
FNDA:0,(anonymous_24)
DA:0,1
DA:2,1
DA:4,1
DA:5,0
DA:6,0
DA:9,1
DA:10,1
DA:11,1
DA:12,1
DA:13,1
DA:14,1
DA:17,5
DA:18,5
DA:19,5
DA:21,0
DA:23,0
DA:25,0
DA:27,0
DA:29,0
DA:31,0
DA:33,0
DA:35,0
DA:39,1
DA:40,1
DA:43,1
DA:44,1
DA:45,1
DA:46,1
DA:47,1
DA:49,0
DA:50,0
DA:51,0
DA:54,0
DA:55,0
DA:59,0
DA:64,1
DA:65,0
DA:66,0
DA:71,1
DA:72,0
DA:73,0
DA:76,0
DA:77,0
DA:80,0
DA:81,0
DA:84,0
DA:85,0
DA:88,0
DA:89,0
DA:90,0
DA:95,0
DA:96,0
DA:97,0
DA:99,1
DA:100,0
DA:101,0
DA:102,0
DA:103,0
DA:104,0
LF:59
LH:22
BRDA:0,1,0,1
BRDA:0,1,1,0
BRDA:0,2,0,1
BRDA:0,2,1,1
BRDA:22,3,0,0
BRDA:22,3,1,0
BRDA:22,3,2,0
BRDA:22,3,3,0
BRDA:22,3,4,0
BRDA:46,4,0,1
BRDA:46,4,1,0
BRDA:50,5,0,0
BRDA:50,5,1,0
BRDA:72,6,0,0
BRDA:72,6,1,0
BRDA:76,7,0,0
BRDA:76,7,1,0
BRDA:80,8,0,0
BRDA:80,8,1,0
BRDA:84,9,0,0
BRDA:84,9,1,0
BRDA:84,10,0,0
BRDA:84,10,1,0
BRDA:84,10,2,0
BRDA:89,11,0,0
BRDA:89,11,1,0
BRDA:89,12,0,0
BRDA:89,12,1,0
BRF:28
BRH:5
end_of_record
TN:
SF:/Users/user/Desktop/COMP531/hw6/frontend/src/components/auth/register.js
FN:0,_interopRequireDefault
FN:0,_defineProperty
FN:9,Registration
FN:18,onRegisterClick
FN:37,inputRef
FN:39,inputRef
FN:41,inputRef
FN:43,inputRef
FN:44,inputRef
FN:46,inputRef
FN:64,(anonymous_11)
FN:69,(anonymous_12)
FN:71,validation
FNF:13
FNH:2
FNDA:3,_interopRequireDefault
FNDA:0,_defineProperty
FNDA:0,Registration
FNDA:0,onRegisterClick
FNDA:0,inputRef
FNDA:0,inputRef
FNDA:0,inputRef
FNDA:0,inputRef
FNDA:0,inputRef
FNDA:0,inputRef
FNDA:0,(anonymous_11)
FNDA:0,(anonymous_12)
FNDA:0,validation
DA:0,3
DA:1,1
DA:2,1
DA:3,1
DA:4,1
DA:5,1
DA:6,1
DA:7,1
DA:9,1
DA:11,0
DA:12,0
DA:13,0
DA:14,0
DA:15,0
DA:16,0
DA:18,0
DA:19,0
DA:27,0
DA:37,0
DA:39,0
DA:41,0
DA:43,0
DA:44,0
DA:46,0
DA:59,1
DA:63,1
DA:65,0
DA:70,0
DA:71,0
LF:29
LH:11
BRDA:0,1,0,2
BRDA:0,1,1,1
BRDA:0,2,0,3
BRDA:0,2,1,3
BRDA:0,3,0,0
BRDA:0,3,1,0
BRF:6
BRH:6
end_of_record
TN:
SF:/Users/user/Desktop/COMP531/hw6/frontend/src/components/message.js
FN:0,_interopRequireDefault
FN:5,Message
FNF:2
FNH:1
FNDA:1,_interopRequireDefault
FNDA:0,Message
DA:0,1
DA:1,1
DA:2,1
DA:3,1
DA:5,1
DA:7,0
DA:16,1
LF:7
LH:6
BRDA:0,1,0,0
BRDA:0,1,1,1
BRDA:0,2,0,1
BRDA:0,2,1,1
BRDA:8,3,0,0
BRDA:8,3,1,0
BRF:6
BRH:4
end_of_record
TN:
SF:/Users/user/Desktop/COMP531/hw6/frontend/src/components/main/main.js
FN:0,_interopRequireDefault
FN:11,Main
FN:45,(anonymous_3)
FN:49,(anonymous_4)
FN:51,logout
FN:52,profile
FNF:6
FNH:1
FNDA:5,_interopRequireDefault
FNDA:0,Main
FNDA:0,(anonymous_3)
FNDA:0,(anonymous_4)
FNDA:0,logout
FNDA:0,profile
DA:0,5
DA:1,1
DA:2,1
DA:3,1
DA:4,1
DA:5,1
DA:6,1
DA:7,1
DA:8,1
DA:9,1
DA:11,1
DA:13,0
DA:39,1
DA:45,1
DA:46,0
DA:50,0
DA:51,0
DA:52,0
LF:18
LH:13
BRDA:0,1,0,4
BRDA:0,1,1,1
BRDA:0,2,0,5
BRDA:0,2,1,5
BRF:4
BRH:4
end_of_record
TN:
SF:/Users/user/Desktop/COMP531/hw6/frontend/src/components/article/articleList.js
FN:0,(anonymous_1)
FN:0,_interopRequireDefault
FN:13,ArticleList
FN:16,_search
FN:26,inputRef
FN:30,(anonymous_6)
FN:44,getFilteredArticles
FN:47,(anonymous_8)
FN:48,(anonymous_9)
FN:50,(anonymous_10)
FN:57,(anonymous_11)
FN:64,(anonymous_12)
FN:72,(anonymous_13)
FN:74,logout
FN:75,profile
FN:76,search
FNF:16
FNH:7
FNDA:0,(anonymous_1)
FNDA:3,_interopRequireDefault
FNDA:0,ArticleList
FNDA:0,_search
FNDA:0,inputRef
FNDA:0,(anonymous_6)
FNDA:1,getFilteredArticles
FNDA:2,(anonymous_8)
FNDA:2,(anonymous_9)
FNDA:1,(anonymous_10)
FNDA:2,(anonymous_11)
FNDA:0,(anonymous_12)
FNDA:0,(anonymous_13)
FNDA:0,logout
FNDA:0,profile
FNDA:0,search
DA:0,3
DA:1,1
DA:2,1
DA:3,1
DA:4,1
DA:5,1
DA:6,1
DA:7,1
DA:13,1
DA:14,0
DA:16,0
DA:17,0
DA:18,0
DA:22,0
DA:26,0
DA:31,0
DA:38,1
DA:44,1
DA:47,2
DA:48,2
DA:50,1
DA:51,1
DA:52,0
DA:53,0
DA:55,1
DA:56,1
DA:57,2
DA:59,0
DA:63,1
DA:65,0
DA:73,0
DA:74,0
DA:75,0
DA:76,0
LF:34
LH:19
BRDA:0,1,0,1
BRDA:0,1,1,0
BRDA:0,2,0,0
BRDA:0,2,1,0
BRDA:0,3,0,2
BRDA:0,3,1,1
BRDA:0,4,0,3
BRDA:0,4,1,3
BRDA:17,5,0,0
BRDA:17,5,1,0
BRDA:51,6,0,1
BRDA:51,6,1,0
BRDA:52,7,0,0
BRDA:52,7,1,0
BRDA:55,8,0,1
BRDA:55,8,1,0
BRDA:57,9,0,2
BRDA:57,9,1,1
BRF:18
BRH:12
end_of_record
TN:
SF:/Users/user/Desktop/COMP531/hw6/frontend/src/components/article/ArticleItem.js
FN:0,_interopRequireDefault
FN:8,ArticleItem
FN:10,show
FN:13,edit
FN:23,saveArticle
FN:40,onChange
FN:46,onClick
FN:58,(anonymous_8)
FN:62,(anonymous_9)
FN:86,(anonymous_10)
FN:88,editArticleAction
FN:89,showCommAction
FN:90,updateArticleAction
FN:91,addCommentAction
FNF:14
FNH:1
FNDA:4,_interopRequireDefault
FNDA:0,ArticleItem
FNDA:0,show
FNDA:0,edit
FNDA:0,saveArticle
FNDA:0,onChange
FNDA:0,onClick
FNDA:0,(anonymous_8)
FNDA:0,(anonymous_9)
FNDA:0,(anonymous_10)
FNDA:0,editArticleAction
FNDA:0,showCommAction
FNDA:0,updateArticleAction
FNDA:0,addCommentAction
DA:0,4
DA:1,1
DA:2,1
DA:3,1
DA:4,1
DA:5,1
DA:6,1
DA:7,1
DA:8,1
DA:9,0
DA:10,0
DA:11,0
DA:13,0
DA:14,0
DA:15,0
DA:18,0
DA:19,0
DA:23,0
DA:24,0
DA:40,0
DA:46,0
DA:59,0
DA:60,0
DA:61,0
DA:63,0
DA:77,1
DA:85,1
DA:87,0
DA:88,0
DA:89,0
DA:90,0
DA:91,0
LF:32
LH:11
BRDA:0,1,0,2
BRDA:0,1,1,2
BRDA:0,2,0,4
BRDA:0,2,1,4
BRDA:14,3,0,0
BRDA:14,3,1,0
BRDA:18,4,0,0
BRDA:18,4,1,0
BRDA:45,5,0,0
BRDA:45,5,1,0
BRDA:50,6,0,0
BRDA:50,6,1,0
BRDA:51,7,0,0
BRDA:51,7,1,0
BRDA:54,8,0,0
BRDA:54,8,1,0
BRDA:58,9,0,0
BRDA:58,9,1,0
BRDA:59,10,0,0
BRDA:59,10,1,0
BRDA:60,11,0,0
BRDA:60,11,1,0
BRF:22
BRH:4
end_of_record
TN:
SF:/Users/user/Desktop/COMP531/hw6/frontend/src/components/article/Comment.js
FN:0,_interopRequireDefault
FN:7,Comment
FN:9,edit
FN:19,saveComment
FN:35,onChange
FN:47,(anonymous_6)
FN:49,editCommentAction
FN:50,updateComment
FNF:8
FNH:1
FNDA:2,_interopRequireDefault
FNDA:0,Comment
FNDA:0,edit
FNDA:0,saveComment
FNDA:0,onChange
FNDA:0,(anonymous_6)
FNDA:0,editCommentAction
FNDA:0,updateComment
DA:0,2
DA:1,1
DA:2,1
DA:3,1
DA:4,1
DA:5,1
DA:7,1
DA:8,0
DA:9,0
DA:10,0
DA:11,0
DA:14,0
DA:15,0
DA:19,0
DA:20,0
DA:24,0
DA:35,0
DA:46,1
DA:48,0
DA:49,0
DA:50,0
LF:21
LH:8
BRDA:0,1,0,0
BRDA:0,1,1,2
BRDA:0,2,0,2
BRDA:0,2,1,2
BRDA:10,3,0,0
BRDA:10,3,1,0
BRDA:14,4,0,0
BRDA:14,4,1,0
BRDA:38,5,0,0
BRDA:38,5,1,0
BRDA:39,6,0,0
BRDA:39,6,1,0
BRF:12
BRH:4
end_of_record
TN:
SF:/Users/user/Desktop/COMP531/hw6/frontend/src/components/article/NewComment.js
FN:0,_interopRequireDefault
FN:5,NewComment
FN:7,_addComment
FN:16,ref
FN:20,onClick
FN:32,(anonymous_6)
FN:34,addComment
FNF:7
FNH:1
FNDA:1,_interopRequireDefault
FNDA:0,NewComment
FNDA:0,_addComment
FNDA:0,ref
FNDA:0,onClick
FNDA:0,(anonymous_6)
FNDA:0,addComment
DA:0,1
DA:1,1
DA:2,1
DA:3,1
DA:4,1
DA:5,1
DA:6,0
DA:7,0
DA:8,0
DA:9,0
DA:10,0
DA:15,0
DA:16,0
DA:20,0
DA:28,1
DA:31,1
DA:33,0
DA:34,0
LF:18
LH:8
BRDA:0,1,0,0
BRDA:0,1,1,1
BRDA:0,2,0,1
BRDA:0,2,1,1
BRDA:8,3,0,0
BRDA:8,3,1,0
BRDA:8,4,0,0
BRDA:8,4,1,0
BRF:8
BRH:4
end_of_record
TN:
SF:/Users/user/Desktop/COMP531/hw6/frontend/src/components/article/newArticle.js
FN:0,_interopRequireDefault
FN:6,NewArticle
FN:9,_addArticle
FN:16,handleImageChange
FN:22,ref
FN:25,onChange
FN:28,onClick
FN:40,(anonymous_8)
FN:42,addArticle
FNF:9
FNH:1
FNDA:1,_interopRequireDefault
FNDA:0,NewArticle
FNDA:0,_addArticle
FNDA:0,handleImageChange
FNDA:0,ref
FNDA:0,onChange
FNDA:0,onClick
FNDA:0,(anonymous_8)
FNDA:0,addArticle
DA:0,1
DA:1,1
DA:2,1
DA:3,1
DA:4,1
DA:6,1
DA:7,0
DA:8,0
DA:9,0
DA:10,0
DA:11,0
DA:12,0
DA:16,0
DA:17,0
DA:21,0
DA:22,0
DA:25,0
DA:28,0
DA:36,1
DA:39,1
DA:41,0
DA:42,0
LF:22
LH:8
BRDA:0,1,0,0
BRDA:0,1,1,1
BRDA:0,2,0,1
BRDA:0,2,1,1
BRDA:10,3,0,0
BRDA:10,3,1,0
BRDA:10,4,0,0
BRDA:10,4,1,0
BRF:8
BRH:4
end_of_record
TN:
SF:/Users/user/Desktop/COMP531/hw6/frontend/src/components/main/brief.js
FN:0,_interopRequireDefault
FN:7,Brief
FN:9,updateText
FN:24,ref
FN:40,(anonymous_5)
FN:47,(anonymous_6)
FN:49,updateHeadline
FN:50,error
FNF:8
FNH:1
FNDA:1,_interopRequireDefault
FNDA:0,Brief
FNDA:0,updateText
FNDA:0,ref
FNDA:0,(anonymous_5)
FNDA:0,(anonymous_6)
FNDA:0,updateHeadline
FNDA:0,error
DA:0,1
DA:1,1
DA:2,1
DA:3,1
DA:4,1
DA:5,1
DA:7,1
DA:8,0
DA:9,0
DA:10,0
DA:11,0
DA:12,0
DA:15,0
DA:19,0
DA:24,0
DA:31,1
DA:39,1
DA:41,0
DA:48,0
DA:49,0
DA:50,0
LF:21
LH:9
BRDA:0,1,0,0
BRDA:0,1,1,1
BRDA:0,2,0,1
BRDA:0,2,1,1
BRDA:10,3,0,0
BRDA:10,3,1,0
BRDA:10,4,0,0
BRDA:10,4,1,0
BRF:8
BRH:4
end_of_record
TN:
SF:/Users/user/Desktop/COMP531/hw6/frontend/src/components/main/followerList.js
FN:0,(anonymous_1)
FN:0,_interopRequireDefault
FN:9,FollowerList
FN:12,_addFollower
FN:27,(anonymous_5)
FN:31,ref
FN:48,(anonymous_7)
FN:50,(anonymous_8)
FN:54,(anonymous_9)
FN:56,follow
FN:57,error
FNF:11
FNH:2
FNDA:0,(anonymous_1)
FNDA:2,_interopRequireDefault
FNDA:0,FollowerList
FNDA:0,_addFollower
FNDA:0,(anonymous_5)
FNDA:0,ref
FNDA:0,(anonymous_7)
FNDA:0,(anonymous_8)
FNDA:0,(anonymous_9)
FNDA:0,follow
FNDA:0,error
DA:0,2
DA:1,1
DA:2,1
DA:3,1
DA:4,1
DA:5,1
DA:6,1
DA:9,1
DA:11,0
DA:12,0
DA:13,0
DA:14,0
DA:15,0
DA:18,0
DA:22,0
DA:27,0
DA:28,0
DA:31,0
DA:40,1
DA:47,1
DA:49,0
DA:50,0
DA:55,0
DA:56,0
DA:57,0
LF:25
LH:10
BRDA:0,1,0,1
BRDA:0,1,1,0
BRDA:0,2,0,0
BRDA:0,2,1,0
BRDA:0,3,0,1
BRDA:0,3,1,1
BRDA:0,4,0,2
BRDA:0,4,1,2
BRDA:13,5,0,0
BRDA:13,5,1,0
BRDA:13,6,0,0
BRDA:13,6,1,0
BRF:12
BRH:8
end_of_record
TN:
SF:/Users/user/Desktop/COMP531/hw6/frontend/src/components/main/Follower.js
FN:0,_interopRequireDefault
FN:6,Follower
FN:31,(anonymous_3)
FN:33,unfollow
FNF:4
FNH:1
FNDA:1,_interopRequireDefault
FNDA:0,Follower
FNDA:0,(anonymous_3)
FNDA:0,unfollow
DA:0,1
DA:1,1
DA:2,1
DA:3,1
DA:4,1
DA:6,1
DA:8,0
DA:23,1
DA:30,1
DA:32,0
DA:33,0
LF:11
LH:8
BRDA:0,1,0,0
BRDA:0,1,1,1
BRDA:0,2,0,1
BRDA:0,2,1,1
BRF:4
BRH:4
end_of_record
TN:
SF:/Users/user/Desktop/COMP531/hw6/frontend/src/components/profile/profile.js
FN:0,_interopRequireDefault
FN:8,Profile
FN:31,(anonymous_3)
FN:32,main
FNF:4
FNH:1
FNDA:3,_interopRequireDefault
FNDA:0,Profile
FNDA:0,(anonymous_3)
FNDA:0,main
DA:0,3
DA:1,1
DA:2,1
DA:3,1
DA:4,1
DA:5,1
DA:6,1
DA:8,1
DA:11,0
DA:30,1
DA:31,0
DA:32,0
LF:12
LH:9
BRDA:0,1,0,2
BRDA:0,1,1,1
BRDA:0,2,0,3
BRDA:0,2,1,3
BRF:4
BRH:4
end_of_record
TN:
SF:/Users/user/Desktop/COMP531/hw6/frontend/src/components/profile/avatar.js
FN:0,_interopRequireDefault
FN:6,Avatar
FN:8,handleImageChange
FN:17,onChange
FN:28,(anonymous_5)
FN:32,(anonymous_6)
FN:34,upLoadImg
FNF:7
FNH:1
FNDA:1,_interopRequireDefault
FNDA:0,Avatar
FNDA:0,handleImageChange
FNDA:0,onChange
FNDA:0,(anonymous_5)
FNDA:0,(anonymous_6)
FNDA:0,upLoadImg
DA:0,1
DA:1,1
DA:2,1
DA:3,1
DA:4,1
DA:6,1
DA:7,0
DA:8,0
DA:9,0
DA:10,0
DA:14,0
DA:17,0
DA:23,1
DA:27,1
DA:29,0
DA:33,0
DA:34,0
LF:17
LH:8
BRDA:0,1,0,0
BRDA:0,1,1,1
BRDA:0,2,0,1
BRDA:0,2,1,1
BRF:4
BRH:4
end_of_record
TN:
SF:/Users/user/Desktop/COMP531/hw6/frontend/src/components/profile/profileForm.js
FN:0,_interopRequireDefault
FN:0,_defineProperty
FN:8,ProfileForm
FN:14,onUpdateClick
FN:39,inputRef
FN:43,inputRef
FN:44,inputRef
FN:46,inputRef
FN:66,(anonymous_9)
FN:73,(anonymous_10)
FN:74,updateProfile
FNF:11
FNH:2
FNDA:3,_interopRequireDefault
FNDA:0,_defineProperty
FNDA:0,ProfileForm
FNDA:0,onUpdateClick
FNDA:0,inputRef
FNDA:0,inputRef
FNDA:0,inputRef
FNDA:0,inputRef
FNDA:0,(anonymous_9)
FNDA:0,(anonymous_10)
FNDA:0,updateProfile
DA:0,3
DA:1,1
DA:2,1
DA:3,1
DA:4,1
DA:5,1
DA:6,1
DA:8,1
DA:10,0
DA:11,0
DA:12,0
DA:13,0
DA:14,0
DA:15,0
DA:21,0
DA:22,0
DA:23,0
DA:24,0
DA:25,0
DA:39,0
DA:43,0
DA:44,0
DA:46,0
DA:57,1
DA:65,1
DA:67,0
DA:74,0
LF:27
LH:10
BRDA:0,1,0,2
BRDA:0,1,1,1
BRDA:0,2,0,3
BRDA:0,2,1,3
BRDA:0,3,0,0
BRDA:0,3,1,0
BRF:6
BRH:6
end_of_record
TN:
SF:/Users/user/Desktop/COMP531/hw6/frontend/src/components/article/ArticleAction.spec.js
FN:0,_interopRequireDefault
FN:5,(anonymous_2)
FN:7,(anonymous_3)
FN:21,(anonymous_4)
FN:30,(anonymous_5)
FN:37,(anonymous_6)
FN:43,(anonymous_7)
FNF:7
FNH:6
FNDA:2,_interopRequireDefault
FNDA:1,(anonymous_2)
FNDA:2,(anonymous_3)
FNDA:2,(anonymous_4)
FNDA:1,(anonymous_5)
FNDA:0,(anonymous_6)
FNDA:1,(anonymous_7)
DA:0,2
DA:1,1
DA:2,1
DA:3,1
DA:5,1
DA:6,1
DA:7,1
DA:8,2
DA:9,0
DA:10,0
DA:11,0
DA:13,2
DA:14,2
DA:15,2
DA:16,2
DA:17,2
DA:21,1
DA:22,2
DA:23,0
DA:24,0
DA:30,1
DA:31,1
DA:32,1
DA:37,1
DA:38,0
DA:43,1
DA:44,1
LF:27
LH:21
BRDA:0,1,0,0
BRDA:0,1,1,2
BRDA:0,2,0,2
BRDA:0,2,1,2
BRDA:8,3,0,0
BRDA:8,3,1,2
BRDA:22,4,0,0
BRDA:22,4,1,2
BRF:8
BRH:6
end_of_record
TN:
SF:/Users/user/Desktop/COMP531/hw6/frontend/src/components/article/ArticleView.spec.js
FN:0,(anonymous_1)
FN:0,_interopRequireDefault
FN:0,_toConsumableArray
FN:9,findByClassname
FN:10,(anonymous_5)
FN:14,(anonymous_6)
FN:16,(anonymous_7)
FN:22,showCommAction
FN:38,(anonymous_9)
FNF:9
FNH:6
FNDA:0,(anonymous_1)
FNDA:6,_interopRequireDefault
FNDA:1,_toConsumableArray
FNDA:0,findByClassname
FNDA:0,(anonymous_5)
FNDA:1,(anonymous_6)
FNDA:1,(anonymous_7)
FNDA:0,showCommAction
FNDA:1,(anonymous_9)
DA:0,6
DA:1,1
DA:2,1
DA:3,1
DA:4,1
DA:5,1
DA:6,1
DA:7,1
DA:8,1
DA:9,1
DA:10,0
DA:11,0
DA:14,1
DA:16,1
DA:20,1
DA:22,0
DA:24,0
DA:25,0
DA:26,0
DA:27,0
DA:29,1
DA:38,1
DA:39,1
DA:40,1
DA:44,1
LF:25
LH:18
BRDA:0,1,0,1
BRDA:0,1,1,0
BRDA:0,2,0,0
BRDA:0,2,1,0
BRDA:0,3,0,4
BRDA:0,3,1,2
BRDA:0,4,0,6
BRDA:0,4,1,6
BRDA:0,5,0,1
BRDA:0,5,1,0
BRDA:11,6,0,0
BRDA:11,6,1,0
BRF:12
BRH:10
end_of_record
TN:
SF:/Users/user/Desktop/COMP531/hw6/frontend/src/reducers.js
FN:0,(anonymous_1)
FN:0,_interopRequireDefault
FN:3,Location
FN:24,User
FN:74,follower
FN:91,(anonymous_6)
FN:97,articles
FN:121,(anonymous_8)
FN:134,(anonymous_9)
FN:146,(anonymous_10)
FN:156,(anonymous_11)
FN:166,(anonymous_12)
FNF:12
FNH:6
FNDA:0,(anonymous_1)
FNDA:1,_interopRequireDefault
FNDA:8,Location
FNDA:8,User
FNDA:8,follower
FNDA:0,(anonymous_6)
FNDA:8,articles
FNDA:0,(anonymous_8)
FNDA:0,(anonymous_9)
FNDA:0,(anonymous_10)
FNDA:0,(anonymous_11)
FNDA:0,(anonymous_12)
DA:0,1
DA:1,1
DA:2,1
DA:3,8
DA:7,8
DA:8,8
DA:10,1
DA:12,1
DA:14,0
DA:16,0
DA:18,0
DA:20,6
DA:24,8
DA:31,8
DA:32,8
DA:34,0
DA:35,0
DA:37,0
DA:38,0
DA:40,0
DA:41,0
DA:43,0
DA:44,0
DA:46,0
DA:47,0
DA:51,0
DA:55,0
DA:56,0
DA:58,0
DA:59,0
DA:61,0
DA:62,0
DA:64,0
DA:65,0
DA:67,0
DA:68,0
DA:71,8
DA:74,8
DA:76,8
DA:77,8
DA:80,0
DA:84,0
DA:85,0
DA:87,0
DA:91,0
DA:93,8
DA:97,8
DA:101,8
DA:102,8
DA:105,1
DA:110,1
DA:111,1
DA:113,1
DA:117,1
DA:120,0
DA:122,0
DA:123,0
DA:126,0
DA:127,0
DA:133,0
DA:135,0
DA:136,0
DA:139,0
DA:140,0
DA:146,0
DA:147,0
DA:148,0
DA:151,0
DA:152,0
DA:156,0
DA:157,0
DA:159,0
DA:163,0
DA:165,0
DA:166,0
DA:167,0
DA:168,0
DA:169,0
DA:172,0
DA:175,0
DA:179,5
DA:184,1
DA:187,1
LF:83
LH:28
BRDA:0,1,0,1
BRDA:0,1,1,0
BRDA:0,2,0,0
BRDA:0,2,1,0
BRDA:0,3,0,1
BRDA:0,3,1,0
BRDA:0,4,0,1
BRDA:0,4,1,1
BRDA:3,5,0,1
BRDA:3,5,1,7
BRDA:3,6,0,8
BRDA:3,6,1,8
BRDA:9,7,0,1
BRDA:9,7,1,1
BRDA:9,7,2,0
BRDA:9,7,3,0
BRDA:9,7,4,0
BRDA:9,7,5,6
BRDA:24,8,0,1
BRDA:24,8,1,7
BRDA:24,9,0,8
BRDA:24,9,1,8
BRDA:33,10,0,0
BRDA:33,10,1,0
BRDA:33,10,2,0
BRDA:33,10,3,8
BRDA:34,11,0,0
BRDA:34,11,1,0
BRDA:37,12,0,0
BRDA:37,12,1,0
BRDA:40,13,0,0
BRDA:40,13,1,0
BRDA:43,14,0,0
BRDA:43,14,1,0
BRDA:46,15,0,0
BRDA:46,15,1,0
BRDA:55,16,0,0
BRDA:55,16,1,0
BRDA:58,17,0,0
BRDA:58,17,1,0
BRDA:61,18,0,0
BRDA:61,18,1,0
BRDA:64,19,0,0
BRDA:64,19,1,0
BRDA:67,20,0,0
BRDA:67,20,1,0
BRDA:74,21,0,1
BRDA:74,21,1,7
BRDA:74,22,0,8
BRDA:74,22,1,8
BRDA:78,23,0,0
BRDA:78,23,1,0
BRDA:78,23,2,0
BRDA:78,23,3,8
BRDA:97,24,0,1
BRDA:97,24,1,7
BRDA:97,25,0,8
BRDA:97,25,1,8
BRDA:103,26,0,1
BRDA:103,26,1,0
BRDA:103,26,2,1
BRDA:103,26,3,1
BRDA:103,26,4,0
BRDA:103,26,5,0
BRDA:103,26,6,0
BRDA:103,26,7,0
BRDA:103,26,8,5
BRDA:122,27,0,0
BRDA:122,27,1,0
BRDA:135,28,0,0
BRDA:135,28,1,0
BRDA:147,29,0,0
BRDA:147,29,1,0
BRDA:157,30,0,0
BRDA:157,30,1,0
BRDA:167,31,0,0
BRDA:167,31,1,0
BRF:77
BRH:33
end_of_record
TN:
SF:/Users/user/Desktop/COMP531/hw6/frontend/src/components/auth/LandingAction.spec.js
FN:0,_interopRequireDefault
FN:5,(anonymous_2)
FN:7,(anonymous_3)
FN:20,(anonymous_4)
FN:29,(anonymous_5)
FN:39,(anonymous_6)
FN:53,(anonymous_7)
FN:63,(anonymous_8)
FN:74,(anonymous_9)
FN:81,(anonymous_10)
FNF:10
FNH:7
FNDA:2,_interopRequireDefault
FNDA:1,(anonymous_2)
FNDA:3,(anonymous_3)
FNDA:3,(anonymous_4)
FNDA:1,(anonymous_5)
FNDA:0,(anonymous_6)
FNDA:1,(anonymous_7)
FNDA:0,(anonymous_8)
FNDA:1,(anonymous_9)
FNDA:0,(anonymous_10)
DA:0,2
DA:1,1
DA:2,1
DA:3,1
DA:5,1
DA:6,1
DA:7,1
DA:8,3
DA:9,0
DA:10,0
DA:11,0
DA:13,3
DA:14,3
DA:15,3
DA:16,3
DA:17,3
DA:20,1
DA:21,3
DA:22,0
DA:23,0
DA:28,1
DA:29,1
DA:30,1
DA:31,1
DA:32,1
DA:37,1
DA:40,0
DA:41,0
DA:45,0
DA:52,1
DA:53,1
DA:55,1
DA:56,1
DA:57,1
DA:62,1
DA:64,0
DA:65,0
DA:69,0
DA:74,1
DA:75,1
DA:80,1
DA:81,0
LF:42
LH:30
BRDA:0,1,0,0
BRDA:0,1,1,2
BRDA:0,2,0,2
BRDA:0,2,1,2
BRDA:8,3,0,0
BRDA:8,3,1,3
BRDA:21,4,0,0
BRDA:21,4,1,3
BRDA:40,5,0,0
BRDA:40,5,1,0
BRDA:64,6,0,0
BRDA:64,6,1,0
BRF:12
BRH:6
end_of_record
TN:
SF:/Users/user/Desktop/COMP531/hw6/frontend/src/components/main/FollowerAction.spec.js
FN:0,_interopRequireDefault
FN:5,(anonymous_2)
FN:7,(anonymous_3)
FN:20,(anonymous_4)
FNF:4
FNH:2
FNDA:2,_interopRequireDefault
FNDA:1,(anonymous_2)
FNDA:0,(anonymous_3)
FNDA:0,(anonymous_4)
DA:0,2
DA:1,1
DA:2,1
DA:3,1
DA:5,1
DA:6,1
DA:7,1
DA:8,0
DA:9,0
DA:10,0
DA:11,0
DA:13,0
DA:14,0
DA:15,0
DA:16,0
DA:17,0
DA:20,1
DA:21,0
DA:22,0
DA:23,0
LF:20
LH:8
BRDA:0,1,0,0
BRDA:0,1,1,2
BRDA:0,2,0,2
BRDA:0,2,1,2
BRDA:8,3,0,0
BRDA:8,3,1,0
BRDA:21,4,0,0
BRDA:21,4,1,0
BRF:8
BRH:4
end_of_record
TN:
SF:/Users/user/Desktop/COMP531/hw6/frontend/src/components/profile/ProfileAction.spec.js
FN:0,_interopRequireDefault
FN:5,(anonymous_2)
FN:7,(anonymous_3)
FN:21,(anonymous_4)
FN:31,(anonymous_5)
FN:58,(anonymous_6)
FN:58,(anonymous_7)
FN:84,(anonymous_8)
FN:93,(anonymous_9)
FN:93,(anonymous_10)
FNF:10
FNH:8
FNDA:2,_interopRequireDefault
FNDA:1,(anonymous_2)
FNDA:2,(anonymous_3)
FNDA:2,(anonymous_4)
FNDA:1,(anonymous_5)
FNDA:5,(anonymous_6)
FNDA:0,(anonymous_7)
FNDA:1,(anonymous_8)
FNDA:1,(anonymous_9)
FNDA:0,(anonymous_10)
DA:0,2
DA:1,1
DA:2,1
DA:3,1
DA:5,1
DA:6,1
DA:7,1
DA:8,2
DA:9,0
DA:10,0
DA:11,0
DA:13,2
DA:14,2
DA:15,2
DA:16,2
DA:17,2
DA:21,1
DA:22,2
DA:23,0
DA:24,0
DA:31,1
DA:32,1
DA:37,1
DA:42,1
DA:47,1
DA:52,1
DA:57,1
DA:58,5
DA:59,0
DA:60,0
DA:61,0
DA:63,0
DA:64,0
DA:65,0
DA:67,0
DA:68,0
DA:69,0
DA:71,0
DA:72,0
DA:73,0
DA:75,0
DA:76,0
DA:84,1
DA:85,1
DA:86,1
DA:87,1
DA:92,1
DA:93,1
DA:94,0
LF:49
LH:29
BRDA:0,1,0,0
BRDA:0,1,1,2
BRDA:0,2,0,2
BRDA:0,2,1,2
BRDA:8,3,0,0
BRDA:8,3,1,2
BRDA:22,4,0,0
BRDA:22,4,1,2
BRDA:59,5,0,0
BRDA:59,5,1,0
BRDA:63,6,0,0
BRDA:63,6,1,0
BRDA:67,7,0,0
BRDA:67,7,1,0
BRDA:71,8,0,0
BRDA:71,8,1,0
BRDA:75,9,0,0
BRDA:75,9,1,0
BRF:18
BRH:6
end_of_record
TN:
SF:/Users/user/Desktop/COMP531/hw6/frontend/src/reducers.spec.js
FN:0,(anonymous_1)
FN:0,_interopRequireDefault
FN:7,(anonymous_3)
FN:9,(anonymous_4)
FN:19,(anonymous_5)
FN:33,(anonymous_6)
FN:36,(anonymous_7)
FN:41,(anonymous_8)
FN:45,(anonymous_9)
FN:50,(anonymous_10)
FN:54,(anonymous_11)
FNF:11
FNH:11
FNDA:0,(anonymous_1)
FNDA:2,_interopRequireDefault
FNDA:1,(anonymous_3)
FNDA:6,(anonymous_4)
FNDA:6,(anonymous_5)
FNDA:1,(anonymous_6)
FNDA:1,(anonymous_7)
FNDA:1,(anonymous_8)
FNDA:1,(anonymous_9)
FNDA:1,(anonymous_10)
FNDA:1,(anonymous_11)
DA:0,2
DA:1,1
DA:2,1
DA:3,1
DA:4,1
DA:7,1
DA:8,1
DA:9,1
DA:10,6
DA:11,0
DA:12,0
DA:13,0
DA:15,6
DA:16,6
DA:19,1
DA:20,6
DA:21,0
DA:22,0
DA:25,1
DA:33,1
DA:34,1
DA:36,1
DA:37,1
DA:38,1
DA:41,1
DA:42,1
DA:43,1
DA:45,1
DA:46,1
DA:47,1
DA:50,1
DA:51,1
DA:52,1
DA:54,1
DA:55,1
DA:56,1
LF:36
LH:31
BRDA:0,1,0,1
BRDA:0,1,1,0
BRDA:0,2,0,0
BRDA:0,2,1,0
BRDA:0,3,0,0
BRDA:0,3,1,2
BRDA:0,4,0,2
BRDA:0,4,1,2
BRDA:10,5,0,0
BRDA:10,5,1,6
BRDA:20,6,0,0
BRDA:20,6,1,6
BRF:12
BRH:10
end_of_record
