<?xml version="1.0"?>
<testsuite name="Chrome 57.0.2987 (Mac OS X 10.12.0)" package="" timestamp="2017-04-05T21:54:52" id="0" hostname="userdeMacBook-Pro.local" tests="21" errors="0" failures="7" time="0.032">
  <properties>
    <property name="browser.fullName" value="Mozilla/5.0 (Macintosh; Intel Mac OS X 10_12_0) AppleWebKit/537.36 (KHTML, like Gecko) Chrome/57.0.2987.133 Safari/537.36"/>
  </properties>
  <testcase name="Validate actions  resource should be a resource" time="0.002" classname="Chrome_57_0_2987_(Mac_OS_X_10_12_0).Validate actions "/>
  <testcase name="Validate actions  resource should give he http error" time="0.001" classname="Chrome_57_0_2987_(Mac_OS_X_10_12_0).Validate actions "/>
  <testcase name="Validate actions  resource should be POSTable" time="0.002" classname="Chrome_57_0_2987_(Mac_OS_X_10_12_0).Validate actions "/>
  <testcase name="Validate actions  should update error message (for displaying error mesage to user)" time="0" classname="Chrome_57_0_2987_(Mac_OS_X_10_12_0).Validate actions "/>
  <testcase name="Validate actions  should update success message (for displaying success mesage to user)" time="0" classname="Chrome_57_0_2987_(Mac_OS_X_10_12_0).Validate actions "/>
  <testcase name="Validate actions  should navigate (to profile, main, or landing)" time="0.001" classname="Chrome_57_0_2987_(Mac_OS_X_10_12_0).Validate actions "/>
  <testcase name="Validate Article actions should fetch articles (mocked request)" time="0.001" classname="Chrome_57_0_2987_(Mac_OS_X_10_12_0).Validate Article actions"/>
  <testcase name="Validate Article actions should update the search keyword" time="0" classname="Chrome_57_0_2987_(Mac_OS_X_10_12_0).Validate Article actions"/>
  <testcase name="ArticlesView (component tests) should render articles" time="0.012" classname="Chrome_57_0_2987_(Mac_OS_X_10_12_0).ArticlesView (component tests)">
    <failure type="">Invariant Violation: Could not find "store" in either the context or props of "Connect(ArticleItem)". Either wrap the root component in a &lt;Provider&gt;, or explicitly pass "store" as a prop to "Connect(ArticleItem)".
    at invariant (/Users/user/Desktop/COMP531/hw6/frontend/tests.webpack.js:39540:16 &lt;- webpack:///~/invariant/browser.js:40:0)
    at new Connect (/Users/user/Desktop/COMP531/hw6/frontend/tests.webpack.js:38111:37 &lt;- webpack:///~/react-redux/lib/components/connect.js:132:0)
    at /Users/user/Desktop/COMP531/hw6/frontend/tests.webpack.js:55171:19 &lt;- webpack:///~/react-dom/lib/ReactCompositeComponent.js:295:0
    at measureLifeCyclePerf (/Users/user/Desktop/COMP531/hw6/frontend/tests.webpack.js:54951:13 &lt;- webpack:///~/react-dom/lib/ReactCompositeComponent.js:75:0)
    at ReactCompositeComponentWrapper._constructComponentWithoutOwner (/Users/user/Desktop/COMP531/hw6/frontend/tests.webpack.js:55170:17 &lt;- webpack:///~/react-dom/lib/ReactCompositeComponent.js:294:0)
    at ReactCompositeComponentWrapper._constructComponent (/Users/user/Desktop/COMP531/hw6/frontend/tests.webpack.js:55156:22 &lt;- webpack:///~/react-dom/lib/ReactCompositeComponent.js:280:0)
    at ReactCompositeComponentWrapper.mountComponent (/Users/user/Desktop/COMP531/hw6/frontend/tests.webpack.js:55064:22 &lt;- webpack:///~/react-dom/lib/ReactCompositeComponent.js:188:0)
    at Object.mountComponent (/Users/user/Desktop/COMP531/hw6/frontend/tests.webpack.js:47672:36 &lt;- webpack:///~/react-dom/lib/ReactReconciler.js:46:0)
    at ReactDOMComponent.mountChildren (/Users/user/Desktop/COMP531/hw6/frontend/tests.webpack.js:54264:45 &lt;- webpack:///~/react-dom/lib/ReactMultiChild.js:238:0)
    at ReactDOMComponent._createInitialChildren (/Users/user/Desktop/COMP531/hw6/frontend/tests.webpack.js:51326:33 &lt;- webpack:///~/react-dom/lib/ReactDOMComponent.js:697:0)
    at ReactDOMComponent.mountComponent (/Users/user/Desktop/COMP531/hw6/frontend/tests.webpack.js:51145:13 &lt;- webpack:///~/react-dom/lib/ReactDOMComponent.js:516:0)
    at Object.mountComponent (/Users/user/Desktop/COMP531/hw6/frontend/tests.webpack.js:47672:36 &lt;- webpack:///~/react-dom/lib/ReactReconciler.js:46:0)
    at ReactCompositeComponentWrapper.performInitialMount (/Users/user/Desktop/COMP531/hw6/frontend/tests.webpack.js:55247:35 &lt;- webpack:///~/react-dom/lib/ReactCompositeComponent.js:371:0)
    at ReactCompositeComponentWrapper.mountComponent (/Users/user/Desktop/COMP531/hw6/frontend/tests.webpack.js:55134:22 &lt;- webpack:///~/react-dom/lib/ReactCompositeComponent.js:258:0)
    at Object.mountComponent (/Users/user/Desktop/COMP531/hw6/frontend/tests.webpack.js:47672:36 &lt;- webpack:///~/react-dom/lib/ReactReconciler.js:46:0)
    at mountComponentIntoNode (/Users/user/Desktop/COMP531/hw6/frontend/tests.webpack.js:60378:33 &lt;- webpack:///~/react-dom/lib/ReactMount.js:104:0)
</failure>
  </testcase>
  <testcase name="ArticlesView (component tests) should dispatch actions to create a new article" time="0.005" classname="Chrome_57_0_2987_(Mac_OS_X_10_12_0).ArticlesView (component tests)">
    <failure type="">AssertionError: expected { Object (User, follower, ...) } to deeply equal { Object (Location, User, ...) }
    at Context.&lt;anonymous&gt; (/Users/user/Desktop/COMP531/hw6/frontend/tests.webpack.js:83034:572 &lt;- webpack:///src/components/article/ArticleView.spec.js:9:5199)
</failure>
  </testcase>
  <testcase name="Validate Authentication (involves mocked requests) should log in a user" time="0" classname="Chrome_57_0_2987_(Mac_OS_X_10_12_0).Validate Authentication (involves mocked requests)"/>
  <testcase name="Validate Authentication (involves mocked requests) should not log in an invalid user" time="0" classname="Chrome_57_0_2987_(Mac_OS_X_10_12_0).Validate Authentication (involves mocked requests)"/>
  <testcase name="Validate Authentication (involves mocked requests) should log out a user (state should be cleared)" time="0" classname="Chrome_57_0_2987_(Mac_OS_X_10_12_0).Validate Authentication (involves mocked requests)"/>
  <testcase name="Validate Profile actions (mocked requests) should fetch the user's proile information" time="0.002" classname="Chrome_57_0_2987_(Mac_OS_X_10_12_0).Validate Profile actions (mocked requests)"/>
  <testcase name="Validate Profile actions (mocked requests) should update headline" time="0" classname="Chrome_57_0_2987_(Mac_OS_X_10_12_0).Validate Profile actions (mocked requests)"/>
  <testcase name="Validate reducer (no fetch requests here) should initialize state" time="0.001" classname="Chrome_57_0_2987_(Mac_OS_X_10_12_0).Validate reducer (no fetch requests here)">
    <failure type="">AssertionError: expected { Object (User, follower, ...) } to deeply equal { Object (Location, User, ...) }
    at Context.&lt;anonymous&gt; (/Users/user/Desktop/COMP531/hw6/frontend/tests.webpack.js:84031:130 &lt;- webpack:///src/reducers.spec.js:9:3262)
</failure>
  </testcase>
  <testcase name="Validate reducer (no fetch requests here) should state success (for displaying success message to user)" time="0.001" classname="Chrome_57_0_2987_(Mac_OS_X_10_12_0).Validate reducer (no fetch requests here)">
    <failure type="">AssertionError: expected { Object (User, follower, ...) } to deeply equal { Object (Location, User, ...) }
    at Context.&lt;anonymous&gt; (/Users/user/Desktop/COMP531/hw6/frontend/tests.webpack.js:84033:233 &lt;- webpack:///src/reducers.spec.js:9:3616)
</failure>
  </testcase>
  <testcase name="Validate reducer (no fetch requests here)  should state error (for displaying error message to user)" time="0.001" classname="Chrome_57_0_2987_(Mac_OS_X_10_12_0).Validate reducer (no fetch requests here)">
    <failure type="">AssertionError: expected { Object (User, follower, ...) } to deeply equal { Object (Location, User, ...) }
    at Context.&lt;anonymous&gt; (/Users/user/Desktop/COMP531/hw6/frontend/tests.webpack.js:84035:225 &lt;- webpack:///src/reducers.spec.js:9:4036)
</failure>
  </testcase>
  <testcase name="Validate reducer (no fetch requests here) should set the articles" time="0.001" classname="Chrome_57_0_2987_(Mac_OS_X_10_12_0).Validate reducer (no fetch requests here)">
    <failure type="">AssertionError: expected { Object (User, follower, ...) } to deeply equal { Object (Location, User, ...) }
    at Context.&lt;anonymous&gt; (/Users/user/Desktop/COMP531/hw6/frontend/tests.webpack.js:84037:261 &lt;- webpack:///src/reducers.spec.js:9:4448)
</failure>
  </testcase>
  <testcase name="Validate reducer (no fetch requests here) should set the search keyword" time="0.001" classname="Chrome_57_0_2987_(Mac_OS_X_10_12_0).Validate reducer (no fetch requests here)">
    <failure type="">AssertionError: expected { Object (User, follower, ...) } to deeply equal { Object (Location, User, ...) }
    at Context.&lt;anonymous&gt; (/Users/user/Desktop/COMP531/hw6/frontend/tests.webpack.js:84039:229 &lt;- webpack:///src/reducers.spec.js:9:4875)
</failure>
  </testcase>
  <testcase name="Validate reducer (no fetch requests here) should filter displayed articles by the search keyword" time="0.001" classname="Chrome_57_0_2987_(Mac_OS_X_10_12_0).Validate reducer (no fetch requests here)"/>
  <system-out>
    <![CDATA[
]]>
  </system-out>
  <system-err/>
</testsuite>